###############################################################################
#
# IAR ANSI C/C++ Compiler V9.30.1.335/W64 for ARM         26/Apr/2025  19:24:50
# Copyright 1999-2022 IAR Systems AB.
#
#    Cpu mode                     =  thumb
#    Endian                       =  little
#    Source file                  =
#        D:\Documents\Other\Homework\Kolodiy\CoursePaper\source\RtosWrapper\main.cpp
#    Command line                 =
#        -f
#        D:\Documents\Other\Homework\Kolodiy\CoursePaper\source\RtosWrapper\Debug\Obj\main.o.rsp
#        (D:\Documents\Other\Homework\Kolodiy\CoursePaper\source\RtosWrapper\main.cpp
#        -lC
#        D:\Documents\Other\Homework\Kolodiy\CoursePaper\source\RtosWrapper\Debug\List\
#        -lA
#        D:\Documents\Other\Homework\Kolodiy\CoursePaper\source\RtosWrapper\Debug\List\
#        -o
#        D:\Documents\Other\Homework\Kolodiy\CoursePaper\source\RtosWrapper\Debug\Obj\
#        --no_cse --no_unroll --no_inline --no_code_motion --no_tbaa
#        --no_clustering --no_scheduling --debug --endian=little
#        --cpu=Cortex-M4 -e --fpu=VFPv4_sp --dlib_config
#        D:\Games\Programs\IAR\arm\inc\c\DLib_Config_Normal.h -I
#        D:\Documents\Other\Homework\Kolodiy\CoursePaper\source\RtosWrapper\Rtos\
#        -I
#        D:\Documents\Other\Homework\Kolodiy\CoursePaper\source\RtosWrapper\Rtos\wrapper\
#        -I
#        D:\Documents\Other\Homework\Kolodiy\CoursePaper\source\RtosWrapper\Rtos\wrapper\FreeRtos\
#        -I
#        D:\Documents\Other\Homework\Kolodiy\CoursePaper\source\RtosWrapper\Rtos\FreeRtos\
#        -I
#        D:\Documents\Other\Homework\Kolodiy\CoursePaper\source\RtosWrapper\Rtos\FreeRtos\include\
#        -I
#        D:\Documents\Other\Homework\Kolodiy\CoursePaper\source\RtosWrapper\Rtos\FreeRtos\portable\
#        -I
#        D:\Documents\Other\Homework\Kolodiy\CoursePaper\source\RtosWrapper\Rtos\FreeRtos\portable\Common\
#        -I
#        D:\Documents\Other\Homework\Kolodiy\CoursePaper\source\RtosWrapper\Rtos\FreeRtos\portable\IAR\
#        -I
#        D:\Documents\Other\Homework\Kolodiy\CoursePaper\source\RtosWrapper\Rtos\FreeRtos\portable\IAR\ARM_CM4F\
#        -I
#        D:\Documents\Other\Homework\Kolodiy\CoursePaper\source\RtosWrapper\Rtos\FreeRtos\portable\MemMang\
#        -I
#        D:\Documents\Other\Homework\Kolodiy\CoursePaper\source\RtosWrapper\MyTasks\
#        -I
#        D:\Documents\Other\Homework\Kolodiy\CoursePaper\source\RtosWrapper\Common\
#        -I
#        D:\Documents\Other\Homework\Kolodiy\CoursePaper\source\RtosWrapper\CMSIS\
#        -I
#        D:\Documents\Other\Homework\Kolodiy\CoursePaper\source\RtosWrapper\Application\
#        -I
#        D:\Documents\Other\Homework\Kolodiy\CoursePaper\source\RtosWrapper\Application\Diagnostic\
#        -I
#        D:\Documents\Other\Homework\Kolodiy\CoursePaper\source\RtosWrapper\AHardware\
#        -I
#        D:\Documents\Other\Homework\Kolodiy\CoursePaper\source\RtosWrapper\AHardware\GpioPort\
#        -I
#        D:\Documents\Other\Homework\Kolodiy\CoursePaper\source\RtosWrapper\AHardware\IrqController\
#        -I
#        D:\Documents\Other\Homework\Kolodiy\CoursePaper\source\RtosWrapper\..\CortexLib\AbstractHardware\Pin\
#        -I
#        D:\Documents\Other\Homework\Kolodiy\CoursePaper\source\RtosWrapper\..\CortexLib\AbstractHardware\Registers\STM32F411\FieldValues\
#        -I
#        D:\Documents\Other\Homework\Kolodiy\CoursePaper\source\RtosWrapper\..\CortexLib\AbstractHardware\Registers\STM32F411\
#        -I
#        D:\Documents\Other\Homework\Kolodiy\CoursePaper\source\RtosWrapper\..\CortexLib\AbstractHardware\Registers\
#        -I
#        D:\Documents\Other\Homework\Kolodiy\CoursePaper\source\RtosWrapper\..\CortexLib\AbstractHardware\Port\
#        -I
#        D:\Documents\Other\Homework\Kolodiy\CoursePaper\source\RtosWrapper\..\CortexLib\AbstractHardware\Atomic\
#        -I
#        D:\Documents\Other\Homework\Kolodiy\CoursePaper\source\RtosWrapper\..\CortexLib\Common\
#        -I
#        D:\Documents\Other\Homework\Kolodiy\CoursePaper\source\RtosWrapper\..\CortexLib\Common\Singleton\
#        -I
#        D:\Documents\Other\Homework\Kolodiy\CoursePaper\source\RtosWrapper\..\CortexLib\Common\RomObject\
#        -I
#        D:\Documents\Other\Homework\Kolodiy\CoursePaper\source\RtosWrapper\Application\AdcDmaDataProvider\
#        -I
#        D:\Documents\Other\Homework\Kolodiy\CoursePaper\source\RtosWrapper\Application\AdcDmaDataProvider\Contracts\
#        -I
#        D:\Documents\Other\Homework\Kolodiy\CoursePaper\source\RtosWrapper\Application\DataRepository\
#        -I
#        D:\Documents\Other\Homework\Kolodiy\CoursePaper\source\RtosWrapper\Application\DataRepository\Contracts\
#        -I
#        D:\Documents\Other\Homework\Kolodiy\CoursePaper\source\RtosWrapper\Application\DigitalFilter\
#        -I
#        D:\Documents\Other\Homework\Kolodiy\CoursePaper\source\RtosWrapper\Application\DigitalFilter\Contracts\
#        -I
#        D:\Documents\Other\Homework\Kolodiy\CoursePaper\source\RtosWrapper\Application\Formatter\
#        -I
#        D:\Documents\Other\Homework\Kolodiy\CoursePaper\source\RtosWrapper\Application\Formatter\Contracts\
#        -I
#        D:\Documents\Other\Homework\Kolodiy\CoursePaper\source\RtosWrapper\Application\Leds\
#        -I
#        D:\Documents\Other\Homework\Kolodiy\CoursePaper\source\RtosWrapper\Application\Leds\Contracts\
#        -I
#        D:\Documents\Other\Homework\Kolodiy\CoursePaper\source\RtosWrapper\Application\Usart\
#        -I
#        D:\Documents\Other\Homework\Kolodiy\CoursePaper\source\RtosWrapper\Application\Usart\Contracts\
#        -I
#        D:\Documents\Other\Homework\Kolodiy\CoursePaper\source\RtosWrapper\Application\Voltage\
#        -I
#        D:\Documents\Other\Homework\Kolodiy\CoursePaper\source\RtosWrapper\Application\Voltage\Contracts\
#        -Ol --c++ --no_exceptions --no_rtti) --dependencies=n
#        D:\Documents\Other\Homework\Kolodiy\CoursePaper\source\RtosWrapper\Debug\Obj\main.o.d
#    Locale                       =  C
#    List file                    =
#        D:\Documents\Other\Homework\Kolodiy\CoursePaper\source\RtosWrapper\Debug\List\main.lst
#    Object file                  =
#        D:\Documents\Other\Homework\Kolodiy\CoursePaper\source\RtosWrapper\Debug\Obj\main.o
#    Runtime model:                  
#      __CPP_Exceptions           =  Disabled
#      __CPP_Language             =  C++14
#      __CPP_Library              =  DLib
#      __CPP_Runtime              =  1
#      __SystemLibrary            =  DLib
#      __dlib_file_descriptor     =  0
#      __dlib_full_locale_support =  0
#      __dlib_version             =  6
#
###############################################################################

D:\Documents\Other\Homework\Kolodiy\CoursePaper\source\RtosWrapper\main.cpp
      1          #include "rtos.hpp"         // for Rtos
      2          
      3          #include "rccregisters.hpp" // for RCC

   \                                 In section .text, align 4
   \   __vfp void FieldValueBase<RCC_CR_HSION_Values<RCC::CR, 0U, 1U, ReadWriteMode, RCC::RCCCRBase>, RCC::RCCCRBase, 1U>::Set<ReadWriteMode, void>()
   \                     _ZN14FieldValueBaseI19RCC_CR_HSION_ValuesIN3RCC2CRELj0ELj1E13ReadWriteModeNS1_9RCCCRBaseEES4_Lj1EE3SetIS3_vEEvv: (+1)
   \        0x0   0x4903             LDR.N    R1,??Set_0
   \        0x2   0x6808             LDR      R0,[R1, #+0]
   \        0x4   0x0840             LSRS     R0,R0,#+1
   \        0x6   0x0040             LSLS     R0,R0,#+1
   \        0x8   0xF050 0x0001      ORRS     R0,R0,#0x1
   \        0xC   0x6008             STR      R0,[R1, #+0]
   \        0xE   0x4770             BX       LR
   \                     ??Set_0:
   \       0x10   0x4002'3800        DC32     0x40023800

   \                                 In section .text, align 4
   \   __vfp void FieldValueBase<RCC_CFGR_SW_Values<RCC::CFGR, 0U, 2U, ReadWriteMode, RCC::RCCCFGRBase>, RCC::RCCCFGRBase, 0U>::Set<ReadWriteMode, void>()
   \                     _ZN14FieldValueBaseI18RCC_CFGR_SW_ValuesIN3RCC4CFGRELj0ELj2E13ReadWriteModeNS1_11RCCCFGRBaseEES4_Lj0EE3SetIS3_vEEvv: (+1)
   \        0x0   0x4902             LDR.N    R1,??Set_1
   \        0x2   0x6808             LDR      R0,[R1, #+0]
   \        0x4   0x0880             LSRS     R0,R0,#+2
   \        0x6   0x0080             LSLS     R0,R0,#+2
   \        0x8   0x6008             STR      R0,[R1, #+0]
   \        0xA   0x4770             BX       LR
   \                     ??Set_1:
   \        0xC   0x4002'3808        DC32     0x40023808

   \                                 In section .text, align 4
   \   __vfp void FieldValueBase<RCC_AHB1ENR_DMA2EN_Values<RCC::APB2ENR, 14U, 1U, ReadWriteMode, RCC::RCCAPB2ENRBase>, RCC::RCCAPB2ENRBase, 1U>::Set<ReadWriteMode, void>()
   \                     _ZN14FieldValueBaseI25RCC_AHB1ENR_DMA2EN_ValuesIN3RCC7APB2ENRELj14ELj1E13ReadWriteModeNS1_14RCCAPB2ENRBaseEES4_Lj1EE3SetIS3_vEEvv: (+1)
   \        0x0   0x4903             LDR.N    R1,??Set_2
   \        0x2   0x6808             LDR      R0,[R1, #+0]
   \        0x4   0xF430 0x4080      BICS     R0,R0,#0x4000
   \        0x8   0xF450 0x4080      ORRS     R0,R0,#0x4000
   \        0xC   0x6008             STR      R0,[R1, #+0]
   \        0xE   0x4770             BX       LR
   \                     ??Set_2:
   \       0x10   0x4002'3844        DC32     0x40023844

   \                                 In section .text, align 4
   \   __vfp void FieldValueBase<GPIOA_MODER_MODER15_Values<GPIOA::MODER, 10U, 2U, ReadWriteMode, GPIOA::GPIOAMODERBase>, GPIOA::GPIOAMODERBase, 1U>::Set<ReadWriteMode, void>()
   \                     _ZN14FieldValueBaseI26GPIOA_MODER_MODER15_ValuesIN5GPIOA5MODERELj10ELj2E13ReadWriteModeNS1_14GPIOAMODERBaseEES4_Lj1EE3SetIS3_vEEvv: (+1)
   \        0x0   0x4903             LDR.N    R1,??Set_3
   \        0x2   0x6808             LDR      R0,[R1, #+0]
   \        0x4   0xF430 0x6040      BICS     R0,R0,#0xC00
   \        0x8   0xF450 0x6080      ORRS     R0,R0,#0x400
   \        0xC   0x6008             STR      R0,[R1, #+0]
   \        0xE   0x4770             BX       LR
   \                     ??Set_3:
   \       0x10   0x4002'0000        DC32     0x40020000

   \                                 In section .text, align 4
   \   __vfp void FieldValueBase<GPIOA_MODER_MODER15_Values<GPIOA::MODER, 0U, 2U, ReadWriteMode, GPIOA::GPIOAMODERBase>, GPIOA::GPIOAMODERBase, 3U>::Set<ReadWriteMode, void>()
   \                     _ZN14FieldValueBaseI26GPIOA_MODER_MODER15_ValuesIN5GPIOA5MODERELj0ELj2E13ReadWriteModeNS1_14GPIOAMODERBaseEES4_Lj3EE3SetIS3_vEEvv: (+1)
   \        0x0   0x4903             LDR.N    R1,??Set_4
   \        0x2   0x6808             LDR      R0,[R1, #+0]
   \        0x4   0x0880             LSRS     R0,R0,#+2
   \        0x6   0x0080             LSLS     R0,R0,#+2
   \        0x8   0xF050 0x0003      ORRS     R0,R0,#0x3
   \        0xC   0x6008             STR      R0,[R1, #+0]
   \        0xE   0x4770             BX       LR
   \                     ??Set_4:
   \       0x10   0x4002'0000        DC32     0x40020000

   \                                 In section .text, align 4
   \   __vfp void FieldValueBase<RCC_AHB1ENR_DMA2EN_Values<RCC::APB2ENR, 8U, 1U, ReadWriteMode, RCC::RCCAPB2ENRBase>, RCC::RCCAPB2ENRBase, 1U>::Set<ReadWriteMode, void>()
   \                     _ZN14FieldValueBaseI25RCC_AHB1ENR_DMA2EN_ValuesIN3RCC7APB2ENRELj8ELj1E13ReadWriteModeNS1_14RCCAPB2ENRBaseEES4_Lj1EE3SetIS3_vEEvv: (+1)
   \        0x0   0x4903             LDR.N    R1,??Set_5
   \        0x2   0x6808             LDR      R0,[R1, #+0]
   \        0x4   0xF430 0x7080      BICS     R0,R0,#0x100
   \        0x8   0xF450 0x7080      ORRS     R0,R0,#0x100
   \        0xC   0x6008             STR      R0,[R1, #+0]
   \        0xE   0x4770             BX       LR
   \                     ??Set_5:
   \       0x10   0x4002'3844        DC32     0x40023844

   \                                 In section .text, align 4
   \   __vfp void FieldValueBase<RCC_AHB1ENR_DMA2EN_Values<RCC::AHB1ENR, 22U, 1U, ReadWriteMode, RCC::RCCAHB1ENRBase>, RCC::RCCAHB1ENRBase, 1U>::Set<ReadWriteMode, void>()
   \                     _ZN14FieldValueBaseI25RCC_AHB1ENR_DMA2EN_ValuesIN3RCC7AHB1ENRELj22ELj1E13ReadWriteModeNS1_14RCCAHB1ENRBaseEES4_Lj1EE3SetIS3_vEEvv: (+1)
   \        0x0   0x4903             LDR.N    R1,??Set_6
   \        0x2   0x6808             LDR      R0,[R1, #+0]
   \        0x4   0xF430 0x0080      BICS     R0,R0,#0x400000
   \        0x8   0xF450 0x0080      ORRS     R0,R0,#0x400000
   \        0xC   0x6008             STR      R0,[R1, #+0]
   \        0xE   0x4770             BX       LR
   \                     ??Set_6:
   \       0x10   0x4002'3830        DC32     0x40023830

   \                                 In section .text, align 4
   \   __vfp void FieldValueBase<RCC_AHB1ENR_DMA2EN_Values<RCC::APB1ENR, 17U, 1U, ReadWriteMode, RCC::RCCAPB1ENRBase>, RCC::RCCAPB1ENRBase, 1U>::Set<ReadWriteMode, void>()
   \                     _ZN14FieldValueBaseI25RCC_AHB1ENR_DMA2EN_ValuesIN3RCC7APB1ENRELj17ELj1E13ReadWriteModeNS1_14RCCAPB1ENRBaseEES4_Lj1EE3SetIS3_vEEvv: (+1)
   \        0x0   0x4903             LDR.N    R1,??Set_7
   \        0x2   0x6808             LDR      R0,[R1, #+0]
   \        0x4   0xF430 0x3000      BICS     R0,R0,#0x20000
   \        0x8   0xF450 0x3000      ORRS     R0,R0,#0x20000
   \        0xC   0x6008             STR      R0,[R1, #+0]
   \        0xE   0x4770             BX       LR
   \                     ??Set_7:
   \       0x10   0x4002'3840        DC32     0x40023840

   \                                 In section .text, align 4
   \   __vfp bool FieldValueBase<RCC_CR_HSIRDY_Values<RCC::CR, 1U, 1U, ReadMode, RCC::RCCCRBase>, RCC::RCCCRBase, 0U>::IsSet<ReadMode, void>()
   \                     _ZN14FieldValueBaseI20RCC_CR_HSIRDY_ValuesIN3RCC2CRELj1ELj1E8ReadModeNS1_9RCCCRBaseEES4_Lj0EE5IsSetIS3_vEEbv: (+1)
   \        0x0   0x4804             LDR.N    R0,??IsSet_0
   \        0x2   0x6800             LDR      R0,[R0, #+0]
   \        0x4   0x0840             LSRS     R0,R0,#+1
   \        0x6   0xF010 0x0001      ANDS     R0,R0,#0x1
   \        0xA   0xF090 0x0001      EORS     R0,R0,#0x1
   \        0xE   0xB2C0             UXTB     R0,R0
   \       0x10   0x4770             BX       LR
   \       0x12   0xBF00             Nop
   \                     ??IsSet_0:
   \       0x14   0x4002'3800        DC32     0x40023800

   \                                 In section .text, align 4
   \   __vfp bool FieldValueBase<RCC_CFGR_SWS_Values<RCC::CFGR, 2U, 2U, ReadMode, RCC::RCCCFGRBase>, RCC::RCCCFGRBase, 0U>::IsSet<ReadMode, void>()
   \                     _ZN14FieldValueBaseI19RCC_CFGR_SWS_ValuesIN3RCC4CFGRELj2ELj2E8ReadModeNS1_11RCCCFGRBaseEES4_Lj0EE5IsSetIS3_vEEbv: (+1)
   \        0x0   0x4804             LDR.N    R0,??IsSet_1
   \        0x2   0x6800             LDR      R0,[R0, #+0]
   \        0x4   0xF010 0x0F0C      TST      R0,#0xC
   \        0x8   0xD101             BNE.N    ??IsSet_2
   \        0xA   0x2001             MOVS     R0,#+1
   \        0xC   0xE000             B.N      ??IsSet_3
   \                     ??IsSet_2: (+1)
   \        0xE   0x2000             MOVS     R0,#+0
   \                     ??IsSet_3: (+1)
   \       0x10   0xB2C0             UXTB     R0,R0
   \       0x12   0x4770             BX       LR
   \                     ??IsSet_1:
   \       0x14   0x4002'3808        DC32     0x40023808

   \                                 In section .text, align 4
   \   __vfp void Register<1'073'887'280U, 32U, ReadWriteMode, RCC::RCCAHB1ENRBase, RCC_AHB1ENR_GPIOCEN_Values<RCC::AHB1ENR, 2U, 1U, ReadWriteMode, RCC::RCCAHB1ENRBase>::Enable, RCC_AHB1ENR_GPIOAEN_Values<RCC::AHB1ENR, 0U, 1U, ReadWriteMode, RCC::RCCAHB1ENRBase>::Enable>::Set<ReadWriteMode, void>()
   \                     _ZN8RegisterILj1073887280ELj32E13ReadWriteModeN3RCC14RCCAHB1ENRBaseEJ10FieldValueI26RCC_AHB1ENR_GPIOCEN_ValuesINS1_7AHB1ENRELj2ELj1ES0_S2_ES2_Lj1EvES3_I26RCC_AHB1ENR_GPIOAEN_ValuesIS5_Lj0ELj1ES0_S2_ES2_Lj1EvEEE3SetIS0_vEEvv: (+1)
   \        0x0   0x4903             LDR.N    R1,??Set_8
   \        0x2   0x6808             LDR      R0,[R1, #+0]
   \        0x4   0xF030 0x0005      BICS     R0,R0,#0x5
   \        0x8   0xF050 0x0005      ORRS     R0,R0,#0x5
   \        0xC   0x6008             STR      R0,[R1, #+0]
   \        0xE   0x4770             BX       LR
   \                     ??Set_8:
   \       0x10   0x4002'3830        DC32     0x40023830

   \                                 In section .text, align 4
   \   __vfp void Register<1'073'874'944U, 32U, ReadWriteMode, GPIOC::GPIOCMODERBase, GPIOC_MODER_MODER15_Values<GPIOC::MODER, 10U, 2U, ReadWriteMode, GPIOC::GPIOCMODERBase>::Output, GPIOC_MODER_MODER15_Values<GPIOC::MODER, 16U, 2U, ReadWriteMode, GPIOC::GPIOCMODERBase>::Output, GPIOC_MODER_MODER15_Values<GPIOC::MODER, 18U, 2U, ReadWriteMode, GPIOC::GPIOCMODERBase>::Output>::Set<ReadWriteMode, void>()
   \                     _ZN8RegisterILj1073874944ELj32E13ReadWriteModeN5GPIOC14GPIOCMODERBaseEJ10FieldValueI26GPIOC_MODER_MODER15_ValuesINS1_5MODERELj10ELj2ES0_S2_ES2_Lj1EvES3_IS4_IS5_Lj16ELj2ES0_S2_ES2_Lj1EvES3_IS4_IS5_Lj18ELj2ES0_S2_ES2_Lj1EvEEE3SetIS0_vEEvv: (+1)
   \        0x0   0x4A04             LDR.N    R2,??Set_9
   \        0x2   0x6811             LDR      R1,[R2, #+0]
   \        0x4   0x4804             LDR.N    R0,??Set_9+0x4
   \        0x6   0x4001             ANDS     R1,R0,R1
   \        0x8   0xF441 0x2180      ORR      R1,R1,#0x40000
   \        0xC   0xF451 0x3182      ORRS     R1,R1,#0x10400
   \       0x10   0x6011             STR      R1,[R2, #+0]
   \       0x12   0x4770             BX       LR
   \                     ??Set_9:
   \       0x14   0x4002'0800        DC32     0x40020800
   \       0x18   0xFFF0'F3FF        DC32     0xfff0f3ff

   \                                 In section .rodata, align 4
   \   __absolute unsigned int const mask
   \                     _ZZN8RegisterILj1073887280ELj32E13ReadWriteModeN3RCC14RCCAHB1ENRBaseEJ10FieldValueI26RCC_AHB1ENR_GPIOCEN_ValuesINS1_7AHB1ENRELj2ELj1ES0_S2_ES2_Lj1EvES3_I26RCC_AHB1ENR_GPIOAEN_ValuesIS5_Lj0ELj1ES0_S2_ES2_Lj1EvEEE3SetIS0_vEEvvE4mask:
   \        0x0   0x0000'0005        DC32 5

   \                                 In section .rodata, align 4
   \   __absolute unsigned int const mask
   \                     _ZZN8RegisterILj1073874944ELj32E13ReadWriteModeN5GPIOC14GPIOCMODERBaseEJ10FieldValueI26GPIOC_MODER_MODER15_ValuesINS1_5MODERELj10ELj2ES0_S2_ES2_Lj1EvES3_IS4_IS5_Lj16ELj2ES0_S2_ES2_Lj1EvES3_IS4_IS5_Lj18ELj2ES0_S2_ES2_Lj1EvEEE3SetIS0_vEEvvE4mask:
   \        0x0   0x000F'0C00        DC32 986'112

   \                                 In section .rodata, align 4
   \   __absolute unsigned int const value
   \                     _ZZN8RegisterILj1073887280ELj32E13ReadWriteModeN3RCC14RCCAHB1ENRBaseEJ10FieldValueI26RCC_AHB1ENR_GPIOCEN_ValuesINS1_7AHB1ENRELj2ELj1ES0_S2_ES2_Lj1EvES3_I26RCC_AHB1ENR_GPIOAEN_ValuesIS5_Lj0ELj1ES0_S2_ES2_Lj1EvEEE3SetIS0_vEEvvE5value:
   \        0x0   0x0000'0005        DC32 5

   \                                 In section .rodata, align 4
   \   __absolute unsigned int const value
   \                     _ZZN8RegisterILj1073874944ELj32E13ReadWriteModeN5GPIOC14GPIOCMODERBaseEJ10FieldValueI26GPIOC_MODER_MODER15_ValuesINS1_5MODERELj10ELj2ES0_S2_ES2_Lj1EvES3_IS4_IS5_Lj16ELj2ES0_S2_ES2_Lj1EvES3_IS4_IS5_Lj18ELj2ES0_S2_ES2_Lj1EvEEE3SetIS0_vEEvvE5value:
   \        0x0   0x0005'0400        DC32 328'704
      4          
      5          #include "gpioaregisters.hpp"  // for GPIOA
      6          #include "gpiocregisters.hpp"  // for GPIOC
      7          #include "usart2registers.hpp" // for Usart2 registers
      8          
      9          

   \                                 In section .data, align 4
     10          std::uint32_t SystemCoreClock = 16'000'000U;
   \                     SystemCoreClock:
   \        0x0   0x00F4'2400        DC32 16'000'000
     11          
     12          extern "C" {

   \                                 In section .text, align 2, keep-with-next
     13            int __low_level_init(void)
     14            {
   \                     __low_level_init: (+1)
   \        0x0   0xB580             PUSH     {R7,LR}
     15              //Switch on internal 16 MHz oscillator
     16              RCC::CR::HSION::On::Set();
   \        0x2   0x.... 0x....      BL       _ZN14FieldValueBaseI19RCC_CR_HSION_ValuesIN3RCC2CRELj0ELj1E13ReadWriteModeNS1_9RCCCRBaseEES4_Lj1EE3SetIS3_vEEvv
     17              while (RCC::CR::HSIRDY::NotReady::IsSet())
   \                     ??__low_level_init_0: (+1)
   \        0x6   0x.... 0x....      BL       _ZN14FieldValueBaseI20RCC_CR_HSIRDY_ValuesIN3RCC2CRELj1ELj1E8ReadModeNS1_9RCCCRBaseEES4_Lj0EE5IsSetIS3_vEEbv
   \        0xA   0x2800             CMP      R0,#+0
   \        0xC   0xD1FB             BNE.N    ??__low_level_init_0
     18              {
     19          
     20              }
     21              //Switch system clock on internal oscillator
     22              RCC::CFGR::SW::Hsi::Set();
   \        0xE   0x.... 0x....      BL       _ZN14FieldValueBaseI18RCC_CFGR_SW_ValuesIN3RCC4CFGRELj0ELj2E13ReadWriteModeNS1_11RCCCFGRBaseEES4_Lj0EE3SetIS3_vEEvv
     23              while (!RCC::CFGR::SWS::Hsi::IsSet())
   \                     ??__low_level_init_1: (+1)
   \       0x12   0x.... 0x....      BL       _ZN14FieldValueBaseI19RCC_CFGR_SWS_ValuesIN3RCC4CFGRELj2ELj2E8ReadModeNS1_11RCCCFGRBaseEES4_Lj0EE5IsSetIS3_vEEbv
   \       0x16   0x2800             CMP      R0,#+0
   \       0x18   0xD0FB             BEQ.N    ??__low_level_init_1
     24              {
     25          
     26              }
     27              //Switch on clock on PortA and PortC
     28              RCC::AHB1ENRPack<
     29                RCC::AHB1ENR::GPIOCEN::Enable,
     30                RCC::AHB1ENR::GPIOAEN::Enable
     31                  >::Set();
   \       0x1A   0x.... 0x....      BL       _ZN8RegisterILj1073887280ELj32E13ReadWriteModeN3RCC14RCCAHB1ENRBaseEJ10FieldValueI26RCC_AHB1ENR_GPIOCEN_ValuesINS1_7AHB1ENRELj2ELj1ES0_S2_ES2_Lj1EvES3_I26RCC_AHB1ENR_GPIOAEN_ValuesIS5_Lj0ELj1ES0_S2_ES2_Lj1EvEEE3SetIS0_vEEvv
     32          
     33              RCC::APB2ENR::SYSCFGEN::Enable::Set();
   \       0x1E   0x.... 0x....      BL       _ZN14FieldValueBaseI25RCC_AHB1ENR_DMA2EN_ValuesIN3RCC7APB2ENRELj14ELj1E13ReadWriteModeNS1_14RCCAPB2ENRBaseEES4_Lj1EE3SetIS3_vEEvv
     34          
     35              //LED1 on PortA.5, set PortA.5 as output
     36              GPIOA::MODER::MODER5::Output::Set();
   \       0x22   0x.... 0x....      BL       _ZN14FieldValueBaseI26GPIOA_MODER_MODER15_ValuesIN5GPIOA5MODERELj10ELj2E13ReadWriteModeNS1_14GPIOAMODERBaseEES4_Lj1EE3SetIS3_vEEvv
     37          
     38              /* LED2 on PortC.9, LED3 on PortC.8, LED4 on PortC.5 so set PortC.5,8,9 as output */
     39              GPIOC::MODERPack<
     40                GPIOC::MODER::MODER5::Output,
     41                GPIOC::MODER::MODER8::Output,
     42                GPIOC::MODER::MODER9::Output
     43                  >::Set();
   \       0x26   0x.... 0x....      BL       _ZN8RegisterILj1073874944ELj32E13ReadWriteModeN5GPIOC14GPIOCMODERBaseEJ10FieldValueI26GPIOC_MODER_MODER15_ValuesINS1_5MODERELj10ELj2ES0_S2_ES2_Lj1EvES3_IS4_IS5_Lj16ELj2ES0_S2_ES2_Lj1EvES3_IS4_IS5_Lj18ELj2ES0_S2_ES2_Lj1EvEEE3SetIS0_vEEvv
     44              // Potentiometer on Port A0
     45              GPIOA::MODER::MODER0::Analog::Set();
   \       0x2A   0x.... 0x....      BL       _ZN14FieldValueBaseI26GPIOA_MODER_MODER15_ValuesIN5GPIOA5MODERELj0ELj2E13ReadWriteModeNS1_14GPIOAMODERBaseEES4_Lj3EE3SetIS3_vEEvv
     46              // RCC on ADC
     47              RCC::APB2ENR::ADC1EN::Enable::Set();
   \       0x2E   0x.... 0x....      BL       _ZN14FieldValueBaseI25RCC_AHB1ENR_DMA2EN_ValuesIN3RCC7APB2ENRELj8ELj1E13ReadWriteModeNS1_14RCCAPB2ENRBaseEES4_Lj1EE3SetIS3_vEEvv
     48              // RCC on DMA
     49              RCC::AHB1ENR::DMA2EN::Enable::Set();
   \       0x32   0x.... 0x....      BL       _ZN14FieldValueBaseI25RCC_AHB1ENR_DMA2EN_ValuesIN3RCC7AHB1ENRELj22ELj1E13ReadWriteModeNS1_14RCCAHB1ENRBaseEES4_Lj1EE3SetIS3_vEEvv
     50              // RCC on USART2
     51              RCC::APB1ENR::USART2EN::Enable::Set();
   \       0x36   0x.... 0x....      BL       _ZN14FieldValueBaseI25RCC_AHB1ENR_DMA2EN_ValuesIN3RCC7APB1ENRELj17ELj1E13ReadWriteModeNS1_14RCCAPB1ENRBaseEES4_Lj1EE3SetIS3_vEEvv
     52              return 1;
   \       0x3A   0x2001             MOVS     R0,#+1
   \       0x3C   0xBD02             POP      {R1,PC}
     53            }
     54          }
     55          
     56          constexpr auto dt = 0.1f;
                                ^
Warning[Pe177]: variable "dt" was declared but never referenced
     57          constexpr auto rc = 5.0f;
                                ^
Warning[Pe177]: variable "rc" was declared but never referenced
     58          constexpr auto offset = 0.0f;
                                ^
Warning[Pe177]: variable "offset" was declared but never referenced
     59          constexpr auto gain = 0.000806206f;
                                ^
Warning[Pe177]: variable "gain" was declared but never referenced
     60          /*
     61          AdcDmaDataProvider adc;
     62          DigitalFilter<float, dt, rc> digitalFloatFilter;
     63          Voltage<gain, offset> voltage(static_cast<IDataProvider&>(adc));
     64          FloatDataStorage filteredVoltage;
     65          LEDindication ledIndication;
     66          Usart usart;
     67          
     68          MeasurementTask measurementTask(digitalFloatFilter, voltage, adc, ledIndication, filteredVoltage);
     69          BluetoothTask bluetoothTask(filteredVoltage, usart);
     70          */

   \                                 In section .text, align 2, keep-with-next
     71          int main()
     72          {
     73            /*
     74            USART2::CR1::UE::Enable::Set();
     75            USART2::CR1::TE::Enable::Set();
     76            using namespace OsWrapper;
     77            Rtos::CreateThread(measurementTask, "MeasurementTask", ThreadPriority::priorityMax);
     78            Rtos::CreateThread(bluetoothTask, "BluetoothTask", ThreadPriority::lowest);
     79            Rtos::Start();
     80          */
     81            return 0;
   \                     main: (+1)
   \        0x0   0x2000             MOVS     R0,#+0
   \        0x2   0x4770             BX       LR
     82          }

   Maximum stack usage in bytes:

   .cstack Function
   ------- --------
       0   FieldValueBase<GPIOA_MODER_MODER15_Values<GPIOA::MODER, 0U, 2U, ReadWriteMode, GPIOA::GPIOAMODERBase>, GPIOA::GPIOAMODERBase, 3U>::Set<ReadWriteMode, void>()
       0   FieldValueBase<GPIOA_MODER_MODER15_Values<GPIOA::MODER, 10U, 2U, ReadWriteMode, GPIOA::GPIOAMODERBase>, GPIOA::GPIOAMODERBase, 1U>::Set<ReadWriteMode, void>()
       0   FieldValueBase<RCC_AHB1ENR_DMA2EN_Values<RCC::AHB1ENR, 22U, 1U, ReadWriteMode, RCC::RCCAHB1ENRBase>, RCC::RCCAHB1ENRBase, 1U>::Set<ReadWriteMode, void>()
       0   FieldValueBase<RCC_AHB1ENR_DMA2EN_Values<RCC::APB1ENR, 17U, 1U, ReadWriteMode, RCC::RCCAPB1ENRBase>, RCC::RCCAPB1ENRBase, 1U>::Set<ReadWriteMode, void>()
       0   FieldValueBase<RCC_AHB1ENR_DMA2EN_Values<RCC::APB2ENR, 14U, 1U, ReadWriteMode, RCC::RCCAPB2ENRBase>, RCC::RCCAPB2ENRBase, 1U>::Set<ReadWriteMode, void>()
       0   FieldValueBase<RCC_AHB1ENR_DMA2EN_Values<RCC::APB2ENR, 8U, 1U, ReadWriteMode, RCC::RCCAPB2ENRBase>, RCC::RCCAPB2ENRBase, 1U>::Set<ReadWriteMode, void>()
       0   FieldValueBase<RCC_CFGR_SWS_Values<RCC::CFGR, 2U, 2U, ReadMode, RCC::RCCCFGRBase>, RCC::RCCCFGRBase, 0U>::IsSet<ReadMode, void>()
       0   FieldValueBase<RCC_CFGR_SW_Values<RCC::CFGR, 0U, 2U, ReadWriteMode, RCC::RCCCFGRBase>, RCC::RCCCFGRBase, 0U>::Set<ReadWriteMode, void>()
       0   FieldValueBase<RCC_CR_HSION_Values<RCC::CR, 0U, 1U, ReadWriteMode, RCC::RCCCRBase>, RCC::RCCCRBase, 1U>::Set<ReadWriteMode, void>()
       0   FieldValueBase<RCC_CR_HSIRDY_Values<RCC::CR, 1U, 1U, ReadMode, RCC::RCCCRBase>, RCC::RCCCRBase, 0U>::IsSet<ReadMode, void>()
       0   Register<1'073'874'944U, 32U, ReadWriteMode, GPIOC::GPIOCMODERBase, GPIOC_MODER_MODER15_Values<GPIOC::MODER, 10U, 2U, ReadWriteMode, GPIOC::GPIOCMODERBase>::Output, GPIOC_MODER_MODER15_Values<GPIOC::MODER, 16U, 2U, ReadWriteMode, GPIOC::GPIOCMODERBase>::Output, GPIOC_MODER_MODER15_Values<GPIOC::MODER, 18U, 2U, ReadWriteMode, GPIOC::GPIOCMODERBase>::Output>::Set<ReadWriteMode, void>()
       0   Register<1'073'887'280U, 32U, ReadWriteMode, RCC::RCCAHB1ENRBase, RCC_AHB1ENR_GPIOCEN_Values<RCC::AHB1ENR, 2U, 1U, ReadWriteMode, RCC::RCCAHB1ENRBase>::Enable, RCC_AHB1ENR_GPIOAEN_Values<RCC::AHB1ENR, 0U, 1U, ReadWriteMode, RCC::RCCAHB1ENRBase>::Enable>::Set<ReadWriteMode, void>()
       8   __low_level_init
         8   -> FieldValueBase<GPIOA_MODER_MODER15_Values<GPIOA::MODER, 0U, 2U, ReadWriteMode, GPIOA::GPIOAMODERBase>, GPIOA::GPIOAMODERBase, 3U>::Set<ReadWriteMode, void>()
         8   -> FieldValueBase<GPIOA_MODER_MODER15_Values<GPIOA::MODER, 10U, 2U, ReadWriteMode, GPIOA::GPIOAMODERBase>, GPIOA::GPIOAMODERBase, 1U>::Set<ReadWriteMode, void>()
         8   -> FieldValueBase<RCC_AHB1ENR_DMA2EN_Values<RCC::AHB1ENR, 22U, 1U, ReadWriteMode, RCC::RCCAHB1ENRBase>, RCC::RCCAHB1ENRBase, 1U>::Set<ReadWriteMode, void>()
         8   -> FieldValueBase<RCC_AHB1ENR_DMA2EN_Values<RCC::APB1ENR, 17U, 1U, ReadWriteMode, RCC::RCCAPB1ENRBase>, RCC::RCCAPB1ENRBase, 1U>::Set<ReadWriteMode, void>()
         8   -> FieldValueBase<RCC_AHB1ENR_DMA2EN_Values<RCC::APB2ENR, 14U, 1U, ReadWriteMode, RCC::RCCAPB2ENRBase>, RCC::RCCAPB2ENRBase, 1U>::Set<ReadWriteMode, void>()
         8   -> FieldValueBase<RCC_AHB1ENR_DMA2EN_Values<RCC::APB2ENR, 8U, 1U, ReadWriteMode, RCC::RCCAPB2ENRBase>, RCC::RCCAPB2ENRBase, 1U>::Set<ReadWriteMode, void>()
         8   -> FieldValueBase<RCC_CFGR_SWS_Values<RCC::CFGR, 2U, 2U, ReadMode, RCC::RCCCFGRBase>, RCC::RCCCFGRBase, 0U>::IsSet<ReadMode, void>()
         8   -> FieldValueBase<RCC_CFGR_SW_Values<RCC::CFGR, 0U, 2U, ReadWriteMode, RCC::RCCCFGRBase>, RCC::RCCCFGRBase, 0U>::Set<ReadWriteMode, void>()
         8   -> FieldValueBase<RCC_CR_HSION_Values<RCC::CR, 0U, 1U, ReadWriteMode, RCC::RCCCRBase>, RCC::RCCCRBase, 1U>::Set<ReadWriteMode, void>()
         8   -> FieldValueBase<RCC_CR_HSIRDY_Values<RCC::CR, 1U, 1U, ReadMode, RCC::RCCCRBase>, RCC::RCCCRBase, 0U>::IsSet<ReadMode, void>()
         8   -> Register<1'073'874'944U, 32U, ReadWriteMode, GPIOC::GPIOCMODERBase, GPIOC_MODER_MODER15_Values<GPIOC::MODER, 10U, 2U, ReadWriteMode, GPIOC::GPIOCMODERBase>::Output, GPIOC_MODER_MODER15_Values<GPIOC::MODER, 16U, 2U, ReadWriteMode, GPIOC::GPIOCMODERBase>::Output, GPIOC_MODER_MODER15_Values<GPIOC::MODER, 18U, 2U, ReadWriteMode, GPIOC::GPIOCMODERBase>::Output>::Set<ReadWriteMode, void>()
         8   -> Register<1'073'887'280U, 32U, ReadWriteMode, RCC::RCCAHB1ENRBase, RCC_AHB1ENR_GPIOCEN_Values<RCC::AHB1ENR, 2U, 1U, ReadWriteMode, RCC::RCCAHB1ENRBase>::Enable, RCC_AHB1ENR_GPIOAEN_Values<RCC::AHB1ENR, 0U, 1U, ReadWriteMode, RCC::RCCAHB1ENRBase>::Enable>::Set<ReadWriteMode, void>()
       0   main


   Section sizes:

   Bytes  Function/Label
   -----  --------------
      20  FieldValueBase<GPIOA_MODER_MODER15_Values<GPIOA::MODER, 0U, 2U, ReadWriteMode, GPIOA::GPIOAMODERBase>, GPIOA::GPIOAMODERBase, 3U>::Set<ReadWriteMode, void>()
      20  FieldValueBase<GPIOA_MODER_MODER15_Values<GPIOA::MODER, 10U, 2U, ReadWriteMode, GPIOA::GPIOAMODERBase>, GPIOA::GPIOAMODERBase, 1U>::Set<ReadWriteMode, void>()
      20  FieldValueBase<RCC_AHB1ENR_DMA2EN_Values<RCC::AHB1ENR, 22U, 1U, ReadWriteMode, RCC::RCCAHB1ENRBase>, RCC::RCCAHB1ENRBase, 1U>::Set<ReadWriteMode, void>()
      20  FieldValueBase<RCC_AHB1ENR_DMA2EN_Values<RCC::APB1ENR, 17U, 1U, ReadWriteMode, RCC::RCCAPB1ENRBase>, RCC::RCCAPB1ENRBase, 1U>::Set<ReadWriteMode, void>()
      20  FieldValueBase<RCC_AHB1ENR_DMA2EN_Values<RCC::APB2ENR, 14U, 1U, ReadWriteMode, RCC::RCCAPB2ENRBase>, RCC::RCCAPB2ENRBase, 1U>::Set<ReadWriteMode, void>()
      20  FieldValueBase<RCC_AHB1ENR_DMA2EN_Values<RCC::APB2ENR, 8U, 1U, ReadWriteMode, RCC::RCCAPB2ENRBase>, RCC::RCCAPB2ENRBase, 1U>::Set<ReadWriteMode, void>()
      24  FieldValueBase<RCC_CFGR_SWS_Values<RCC::CFGR, 2U, 2U, ReadMode, RCC::RCCCFGRBase>, RCC::RCCCFGRBase, 0U>::IsSet<ReadMode, void>()
      16  FieldValueBase<RCC_CFGR_SW_Values<RCC::CFGR, 0U, 2U, ReadWriteMode, RCC::RCCCFGRBase>, RCC::RCCCFGRBase, 0U>::Set<ReadWriteMode, void>()
      20  FieldValueBase<RCC_CR_HSION_Values<RCC::CR, 0U, 1U, ReadWriteMode, RCC::RCCCRBase>, RCC::RCCCRBase, 1U>::Set<ReadWriteMode, void>()
      24  FieldValueBase<RCC_CR_HSIRDY_Values<RCC::CR, 1U, 1U, ReadMode, RCC::RCCCRBase>, RCC::RCCCRBase, 0U>::IsSet<ReadMode, void>()
      28  Register<1'073'874'944U, 32U, ReadWriteMode, GPIOC::GPIOCMODERBase, GPIOC_MODER_MODER15_Values<GPIOC::MODER, 10U, 2U, ReadWriteMode, GPIOC::GPIOCMODERBase>::Output, GPIOC_MODER_MODER15_Values<GPIOC::MODER, 16U, 2U, ReadWriteMode, GPIOC::GPIOCMODERBase>::Output, GPIOC_MODER_MODER15_Values<GPIOC::MODER, 18U, 2U, ReadWriteMode, GPIOC::GPIOCMODERBase>::Output>::Set<ReadWriteMode, void>()
      20  Register<1'073'887'280U, 32U, ReadWriteMode, RCC::RCCAHB1ENRBase, RCC_AHB1ENR_GPIOCEN_Values<RCC::AHB1ENR, 2U, 1U, ReadWriteMode, RCC::RCCAHB1ENRBase>::Enable, RCC_AHB1ENR_GPIOAEN_Values<RCC::AHB1ENR, 0U, 1U, ReadWriteMode, RCC::RCCAHB1ENRBase>::Enable>::Set<ReadWriteMode, void>()
       4  SystemCoreClock
      62  __low_level_init
       4  main
       4  mask
       4  mask
       4  value
       4  value
      24  -- Other

 
   4 bytes in section .data
  40 bytes in section .rodata
 318 bytes in section .text
 
 66 bytes of CODE  memory (+ 252 bytes shared)
  0 bytes of CONST memory (+  40 bytes shared)
  4 bytes of DATA  memory

Errors: none
Warnings: 4
