###############################################################################
#
# IAR ANSI C/C++ Compiler V9.30.1.335/W64 for ARM         27/Apr/2025  21:06:13
# Copyright 1999-2022 IAR Systems AB.
#
#    Cpu mode           =  thumb
#    Endian             =  little
#    Source file        =
#        D:\Documents\Homework\GitLab\CoursePaper\source\RtosWrapper\AHardware\IrqController\irqcontroller.cpp
#        [UTF-8]
#    Command line       =
#        -f
#        D:\Documents\Homework\GitLab\CoursePaper\source\RtosWrapper\Debug\Obj\AHardware\IrqController\irqcontroller.o.rsp
#        (D:\Documents\Homework\GitLab\CoursePaper\source\RtosWrapper\AHardware\IrqController\irqcontroller.cpp
#        -lC
#        D:\Documents\Homework\GitLab\CoursePaper\source\RtosWrapper\Debug\List\AHardware\IrqController
#        -lA
#        D:\Documents\Homework\GitLab\CoursePaper\source\RtosWrapper\Debug\List\AHardware\IrqController
#        -o
#        D:\Documents\Homework\GitLab\CoursePaper\source\RtosWrapper\Debug\Obj\AHardware\IrqController
#        --no_cse --no_unroll --no_inline --no_code_motion --no_tbaa
#        --no_clustering --no_scheduling --debug --endian=little
#        --cpu=Cortex-M4 -e --fpu=VFPv4_sp --dlib_config
#        D:\Programs\IAR\arm\inc\c\DLib_Config_Normal.h -I
#        D:\Documents\Homework\GitLab\CoursePaper\source\RtosWrapper\Rtos\ -I
#        D:\Documents\Homework\GitLab\CoursePaper\source\RtosWrapper\Rtos\wrapper\
#        -I
#        D:\Documents\Homework\GitLab\CoursePaper\source\RtosWrapper\Rtos\wrapper\FreeRtos\
#        -I
#        D:\Documents\Homework\GitLab\CoursePaper\source\RtosWrapper\Rtos\FreeRtos\
#        -I
#        D:\Documents\Homework\GitLab\CoursePaper\source\RtosWrapper\Rtos\FreeRtos\include\
#        -I
#        D:\Documents\Homework\GitLab\CoursePaper\source\RtosWrapper\Rtos\FreeRtos\portable\
#        -I
#        D:\Documents\Homework\GitLab\CoursePaper\source\RtosWrapper\Rtos\FreeRtos\portable\Common\
#        -I
#        D:\Documents\Homework\GitLab\CoursePaper\source\RtosWrapper\Rtos\FreeRtos\portable\IAR\
#        -I
#        D:\Documents\Homework\GitLab\CoursePaper\source\RtosWrapper\Rtos\FreeRtos\portable\IAR\ARM_CM4F\
#        -I
#        D:\Documents\Homework\GitLab\CoursePaper\source\RtosWrapper\Rtos\FreeRtos\portable\MemMang\
#        -I
#        D:\Documents\Homework\GitLab\CoursePaper\source\RtosWrapper\MyTasks\
#        -I D:\Documents\Homework\GitLab\CoursePaper\source\RtosWrapper\Common\
#        -I D:\Documents\Homework\GitLab\CoursePaper\source\RtosWrapper\CMSIS\
#        -I
#        D:\Documents\Homework\GitLab\CoursePaper\source\RtosWrapper\Application\
#        -I
#        D:\Documents\Homework\GitLab\CoursePaper\source\RtosWrapper\Application\Diagnostic\
#        -I
#        D:\Documents\Homework\GitLab\CoursePaper\source\RtosWrapper\AHardware\
#        -I
#        D:\Documents\Homework\GitLab\CoursePaper\source\RtosWrapper\AHardware\GpioPort\
#        -I
#        D:\Documents\Homework\GitLab\CoursePaper\source\RtosWrapper\AHardware\IrqController\
#        -I
#        D:\Documents\Homework\GitLab\CoursePaper\source\RtosWrapper\..\CortexLib\AbstractHardware\Pin\
#        -I
#        D:\Documents\Homework\GitLab\CoursePaper\source\RtosWrapper\..\CortexLib\AbstractHardware\Registers\STM32F411\FieldValues\
#        -I
#        D:\Documents\Homework\GitLab\CoursePaper\source\RtosWrapper\..\CortexLib\AbstractHardware\Registers\STM32F411\
#        -I
#        D:\Documents\Homework\GitLab\CoursePaper\source\RtosWrapper\..\CortexLib\AbstractHardware\Registers\
#        -I
#        D:\Documents\Homework\GitLab\CoursePaper\source\RtosWrapper\..\CortexLib\AbstractHardware\Port\
#        -I
#        D:\Documents\Homework\GitLab\CoursePaper\source\RtosWrapper\..\CortexLib\AbstractHardware\Atomic\
#        -I
#        D:\Documents\Homework\GitLab\CoursePaper\source\RtosWrapper\..\CortexLib\Common\
#        -I
#        D:\Documents\Homework\GitLab\CoursePaper\source\RtosWrapper\..\CortexLib\Common\Singleton\
#        -I
#        D:\Documents\Homework\GitLab\CoursePaper\source\RtosWrapper\..\CortexLib\Common\RomObject\
#        -I
#        D:\Documents\Homework\GitLab\CoursePaper\source\RtosWrapper\Application\AdcDmaDataProvider\
#        -I
#        D:\Documents\Homework\GitLab\CoursePaper\source\RtosWrapper\Application\AdcDmaDataProvider\Contracts\
#        -I
#        D:\Documents\Homework\GitLab\CoursePaper\source\RtosWrapper\Application\DataRepository\
#        -I
#        D:\Documents\Homework\GitLab\CoursePaper\source\RtosWrapper\Application\DataRepository\Contracts\
#        -I
#        D:\Documents\Homework\GitLab\CoursePaper\source\RtosWrapper\Application\DigitalFilter\
#        -I
#        D:\Documents\Homework\GitLab\CoursePaper\source\RtosWrapper\Application\DigitalFilter\Contracts\
#        -I
#        D:\Documents\Homework\GitLab\CoursePaper\source\RtosWrapper\Application\Formatter\
#        -I
#        D:\Documents\Homework\GitLab\CoursePaper\source\RtosWrapper\Application\Formatter\Contracts\
#        -I
#        D:\Documents\Homework\GitLab\CoursePaper\source\RtosWrapper\Application\Leds\
#        -I
#        D:\Documents\Homework\GitLab\CoursePaper\source\RtosWrapper\Application\Leds\Contracts\
#        -I
#        D:\Documents\Homework\GitLab\CoursePaper\source\RtosWrapper\Application\Usart\
#        -I
#        D:\Documents\Homework\GitLab\CoursePaper\source\RtosWrapper\Application\Usart\Contracts\
#        -I
#        D:\Documents\Homework\GitLab\CoursePaper\source\RtosWrapper\Application\Voltage\
#        -I
#        D:\Documents\Homework\GitLab\CoursePaper\source\RtosWrapper\Application\Voltage\Contracts\
#        -I D:\Documents\Homework\GitLab\CoursePaper\source\RtosWrapper\Tasks\
#        -I
#        D:\Documents\Homework\GitLab\CoursePaper\source\RtosWrapper\Tasks\Contracts\
#        -I
#        D:\Documents\Homework\GitLab\CoursePaper\source\RtosWrapper\..\CortexLib\AbstractHardware\Registers\CortexM4\
#        -I
#        D:\Documents\Homework\GitLab\CoursePaper\source\RtosWrapper\..\CortexLib\AbstractHardware\Registers\CortexM4\FieldValues\
#        -On --c++ --no_exceptions --no_rtti --source_encoding utf8 --text_out
#        utf8 --utf8_text_in) --dependencies=n
#        D:\Documents\Homework\GitLab\CoursePaper\source\RtosWrapper\Debug\Obj\AHardware\IrqController\irqcontroller.o.d
#    Locale             =  C
#    List file          =
#        D:\Documents\Homework\GitLab\CoursePaper\source\RtosWrapper\Debug\List\AHardware\IrqController\irqcontroller.lst
#    Object file        =
#        D:\Documents\Homework\GitLab\CoursePaper\source\RtosWrapper\Debug\Obj\AHardware\IrqController\irqcontroller.o
#    Runtime model:        
#      __CPP_Exceptions =  Disabled
#      __CPP_Language   =  C++14
#      __CPP_Library    =  DLib
#      __CPP_Runtime    =  1
#      __SystemLibrary  =  DLib
#
###############################################################################

D:\Documents\Homework\GitLab\CoursePaper\source\RtosWrapper\AHardware\IrqController\irqcontroller.cpp
      1          //
      2          // Created by Sergey on 27.08.2018.
      3          //
      4          #include "irqcontroller.hpp"
      5          //#include "../../Application/userbutton.hpp"
      6          

   \                                 In section .text, align 2, keep-with-next
      7          void IrqController::HandleIrqExtiLine15_10()
      8          {
      9            //EXTI->PR = EXTI_PR_PR13 ;
     10            //UserButton::GetInstance().HandleInterrupt();
     11          }
   \                     _ZN13IrqController22HandleIrqExtiLine15_10Ev: (+1)
   \        0x0   0x4770             BX       LR

   Maximum stack usage in bytes:

   .cstack Function
   ------- --------
       0   IrqController::HandleIrqExtiLine15_10()


   Section sizes:

   Bytes  Function/Label
   -----  --------------
       2  IrqController::HandleIrqExtiLine15_10()

 
 2 bytes in section .text
 
 2 bytes of CODE memory

Errors: none
Warnings: none
