###############################################################################
#
# IAR ANSI C/C++ Compiler V9.30.1.335/W64 for ARM         26/Apr/2025  19:24:51
# Copyright 1999-2022 IAR Systems AB.
#
#    Cpu mode                     =  thumb
#    Endian                       =  little
#    Source file                  =
#        D:\Documents\Other\Homework\Kolodiy\CoursePaper\source\RtosWrapper\Application\DigitalFilter\DigitalFilter.cpp
#    Command line                 =
#        -f
#        D:\Documents\Other\Homework\Kolodiy\CoursePaper\source\RtosWrapper\Debug\Obj\Application\DigitalFilter\DigitalFilter.o.rsp
#        (D:\Documents\Other\Homework\Kolodiy\CoursePaper\source\RtosWrapper\Application\DigitalFilter\DigitalFilter.cpp
#        -lC
#        D:\Documents\Other\Homework\Kolodiy\CoursePaper\source\RtosWrapper\Debug\List\Application\DigitalFilter
#        -lA
#        D:\Documents\Other\Homework\Kolodiy\CoursePaper\source\RtosWrapper\Debug\List\Application\DigitalFilter
#        -o
#        D:\Documents\Other\Homework\Kolodiy\CoursePaper\source\RtosWrapper\Debug\Obj\Application\DigitalFilter
#        --no_cse --no_unroll --no_inline --no_code_motion --no_tbaa
#        --no_clustering --no_scheduling --debug --endian=little
#        --cpu=Cortex-M4 -e --fpu=VFPv4_sp --dlib_config
#        D:\Games\Programs\IAR\arm\inc\c\DLib_Config_Normal.h -I
#        D:\Documents\Other\Homework\Kolodiy\CoursePaper\source\RtosWrapper\Rtos\
#        -I
#        D:\Documents\Other\Homework\Kolodiy\CoursePaper\source\RtosWrapper\Rtos\wrapper\
#        -I
#        D:\Documents\Other\Homework\Kolodiy\CoursePaper\source\RtosWrapper\Rtos\wrapper\FreeRtos\
#        -I
#        D:\Documents\Other\Homework\Kolodiy\CoursePaper\source\RtosWrapper\Rtos\FreeRtos\
#        -I
#        D:\Documents\Other\Homework\Kolodiy\CoursePaper\source\RtosWrapper\Rtos\FreeRtos\include\
#        -I
#        D:\Documents\Other\Homework\Kolodiy\CoursePaper\source\RtosWrapper\Rtos\FreeRtos\portable\
#        -I
#        D:\Documents\Other\Homework\Kolodiy\CoursePaper\source\RtosWrapper\Rtos\FreeRtos\portable\Common\
#        -I
#        D:\Documents\Other\Homework\Kolodiy\CoursePaper\source\RtosWrapper\Rtos\FreeRtos\portable\IAR\
#        -I
#        D:\Documents\Other\Homework\Kolodiy\CoursePaper\source\RtosWrapper\Rtos\FreeRtos\portable\IAR\ARM_CM4F\
#        -I
#        D:\Documents\Other\Homework\Kolodiy\CoursePaper\source\RtosWrapper\Rtos\FreeRtos\portable\MemMang\
#        -I
#        D:\Documents\Other\Homework\Kolodiy\CoursePaper\source\RtosWrapper\MyTasks\
#        -I
#        D:\Documents\Other\Homework\Kolodiy\CoursePaper\source\RtosWrapper\Common\
#        -I
#        D:\Documents\Other\Homework\Kolodiy\CoursePaper\source\RtosWrapper\CMSIS\
#        -I
#        D:\Documents\Other\Homework\Kolodiy\CoursePaper\source\RtosWrapper\Application\
#        -I
#        D:\Documents\Other\Homework\Kolodiy\CoursePaper\source\RtosWrapper\Application\Diagnostic\
#        -I
#        D:\Documents\Other\Homework\Kolodiy\CoursePaper\source\RtosWrapper\AHardware\
#        -I
#        D:\Documents\Other\Homework\Kolodiy\CoursePaper\source\RtosWrapper\AHardware\GpioPort\
#        -I
#        D:\Documents\Other\Homework\Kolodiy\CoursePaper\source\RtosWrapper\AHardware\IrqController\
#        -I
#        D:\Documents\Other\Homework\Kolodiy\CoursePaper\source\RtosWrapper\..\CortexLib\AbstractHardware\Pin\
#        -I
#        D:\Documents\Other\Homework\Kolodiy\CoursePaper\source\RtosWrapper\..\CortexLib\AbstractHardware\Registers\STM32F411\FieldValues\
#        -I
#        D:\Documents\Other\Homework\Kolodiy\CoursePaper\source\RtosWrapper\..\CortexLib\AbstractHardware\Registers\STM32F411\
#        -I
#        D:\Documents\Other\Homework\Kolodiy\CoursePaper\source\RtosWrapper\..\CortexLib\AbstractHardware\Registers\
#        -I
#        D:\Documents\Other\Homework\Kolodiy\CoursePaper\source\RtosWrapper\..\CortexLib\AbstractHardware\Port\
#        -I
#        D:\Documents\Other\Homework\Kolodiy\CoursePaper\source\RtosWrapper\..\CortexLib\AbstractHardware\Atomic\
#        -I
#        D:\Documents\Other\Homework\Kolodiy\CoursePaper\source\RtosWrapper\..\CortexLib\Common\
#        -I
#        D:\Documents\Other\Homework\Kolodiy\CoursePaper\source\RtosWrapper\..\CortexLib\Common\Singleton\
#        -I
#        D:\Documents\Other\Homework\Kolodiy\CoursePaper\source\RtosWrapper\..\CortexLib\Common\RomObject\
#        -I
#        D:\Documents\Other\Homework\Kolodiy\CoursePaper\source\RtosWrapper\Application\AdcDmaDataProvider\
#        -I
#        D:\Documents\Other\Homework\Kolodiy\CoursePaper\source\RtosWrapper\Application\AdcDmaDataProvider\Contracts\
#        -I
#        D:\Documents\Other\Homework\Kolodiy\CoursePaper\source\RtosWrapper\Application\DataRepository\
#        -I
#        D:\Documents\Other\Homework\Kolodiy\CoursePaper\source\RtosWrapper\Application\DataRepository\Contracts\
#        -I
#        D:\Documents\Other\Homework\Kolodiy\CoursePaper\source\RtosWrapper\Application\DigitalFilter\
#        -I
#        D:\Documents\Other\Homework\Kolodiy\CoursePaper\source\RtosWrapper\Application\DigitalFilter\Contracts\
#        -I
#        D:\Documents\Other\Homework\Kolodiy\CoursePaper\source\RtosWrapper\Application\Formatter\
#        -I
#        D:\Documents\Other\Homework\Kolodiy\CoursePaper\source\RtosWrapper\Application\Formatter\Contracts\
#        -I
#        D:\Documents\Other\Homework\Kolodiy\CoursePaper\source\RtosWrapper\Application\Leds\
#        -I
#        D:\Documents\Other\Homework\Kolodiy\CoursePaper\source\RtosWrapper\Application\Leds\Contracts\
#        -I
#        D:\Documents\Other\Homework\Kolodiy\CoursePaper\source\RtosWrapper\Application\Usart\
#        -I
#        D:\Documents\Other\Homework\Kolodiy\CoursePaper\source\RtosWrapper\Application\Usart\Contracts\
#        -I
#        D:\Documents\Other\Homework\Kolodiy\CoursePaper\source\RtosWrapper\Application\Voltage\
#        -I
#        D:\Documents\Other\Homework\Kolodiy\CoursePaper\source\RtosWrapper\Application\Voltage\Contracts\
#        -Ol --c++ --no_exceptions --no_rtti) --dependencies=n
#        D:\Documents\Other\Homework\Kolodiy\CoursePaper\source\RtosWrapper\Debug\Obj\Application\DigitalFilter\DigitalFilter.o.d
#    Locale                       =  C
#    List file                    =
#        D:\Documents\Other\Homework\Kolodiy\CoursePaper\source\RtosWrapper\Debug\List\Application\DigitalFilter\DigitalFilter.lst
#    Object file                  =
#        D:\Documents\Other\Homework\Kolodiy\CoursePaper\source\RtosWrapper\Debug\Obj\Application\DigitalFilter\DigitalFilter.o
#    Runtime model:                  
#      __CPP_Exceptions           =  Disabled
#      __CPP_Language             =  C++14
#      __CPP_Library              =  DLib
#      __CPP_Runtime              =  1
#      __SystemLibrary            =  DLib
#      __dlib_full_locale_support =  0
#      __dlib_version             =  6
#
###############################################################################

D:\Documents\Other\Homework\Kolodiy\CoursePaper\source\RtosWrapper\Application\DigitalFilter\DigitalFilter.cpp
      1          #include "DigitalFilter.hpp" // for DigitalFilter

   \                                 In section .text, align 2
   \   __vfp IDigitalFilter::subobject IDigitalFilter() noexcept
   \                     _ZN14IDigitalFilterC2Ev: (+1)
   \        0x0   0xB580             PUSH     {R7,LR}
   \        0x2   0x.... 0x....      BL       _ZN14IDigitalFilterC1Ev
   \        0x6   0xBD02             POP      {R1,PC}

   \                                 In section .text, align 2
   \   __vfp IDigitalFilter::IDigitalFilter() noexcept
   \                     _ZN14IDigitalFilterC1Ev: (+1)
   \        0x0   0x4770             BX       LR
      2          

   \                                 In section .text, align 2, keep-with-next
   \   __vfp DigitalFilter::subobject DigitalFilter()
   \                     _ZN13DigitalFilterC2Ev: (+1)
   \        0x0   0xB580             PUSH     {R7,LR}
   \        0x2   0x.... 0x....      BL       _ZN13DigitalFilterC1Ev
   \        0x6   0xBD02             POP      {R1,PC}

   \                                 In section .text, align 2, keep-with-next
      3          DigitalFilter :: DigitalFilter() : dt(dt), rc(rc)
      4          {
   \                     _ZN13DigitalFilterC1Ev: (+1)
   \        0x0   0xB510             PUSH     {R4,LR}
   \        0x2   0x0004             MOVS     R4,R0
   \        0x4   0x0020             MOVS     R0,R4
   \        0x6   0x.... 0x....      BL       _ZN14IDigitalFilterC2Ev
   \        0xA   0x....             LDR.N    R0,??DataTable2
   \        0xC   0x6020             STR      R0,[R4, #+0]
   \        0xE   0x68A0             LDR      R0,[R4, #+8]
   \       0x10   0x60A0             STR      R0,[R4, #+8]
   \       0x12   0x68E0             LDR      R0,[R4, #+12]
   \       0x14   0x60E0             STR      R0,[R4, #+12]
   \       0x16   0x68A0             LDR      R0,[R4, #+8]
   \       0x18   0xED90 0x0A00      VLDR     S0,[R0, #0]
   \       0x1C   0x68E0             LDR      R0,[R4, #+12]
   \       0x1E   0xEDD0 0x0A00      VLDR     S1,[R0, #0]
   \       0x22   0xEE80 0x0A20      VDIV.F32 S0,S0,S1
   \       0x26   0xEEB1 0x0A40      VNEG.F32 S0,S0
   \       0x2A   0x.... 0x....      BL       expf
   \       0x2E   0xEEF7 0x0A00      VMOV.F32 S1,#1.0
   \       0x32   0xEE30 0x0AC0      VSUB.F32 S0,S1,S0
   \       0x36   0xED84 0x0A04      VSTR     S0,[R4, #+16]
      5          }
   \       0x3A   0x0020             MOVS     R0,R4
   \       0x3C   0xBD10             POP      {R4,PC}
      6          

   \                                 In section .text, align 2, keep-with-next
      7          float DigitalFilter :: FilterValue(float value)
      8          {
      9            static bool isFirstTime = true;
     10            if(isFirstTime)
   \                     _ZN13DigitalFilter11FilterValueEf: (+1)
   \        0x0   0x....             LDR.N    R1,??DataTable2_1
   \        0x2   0x7809             LDRB     R1,[R1, #+0]
   \        0x4   0x2900             CMP      R1,#+0
   \        0x6   0xD002             BEQ.N    ??FilterValue_0
     11            {
     12              oldValue = value;
   \        0x8   0xED80 0x0A01      VSTR     S0,[R0, #+4]
     13              return value;
   \        0xC   0xE00B             B.N      ??FilterValue_1
     14            }
     15            auto filteredValue = oldValue + (value - oldValue) * tau;
   \                     ??FilterValue_0: (+1)
   \        0xE   0xEDD0 0x0A01      VLDR     S1,[R0, #+4]
   \       0x12   0xEE70 0x0A60      VSUB.F32 S1,S0,S1
   \       0x16   0xED90 0x1A04      VLDR     S2,[R0, #+16]
   \       0x1A   0xED90 0x0A01      VLDR     S0,[R0, #+4]
   \       0x1E   0xEE00 0x0A81      VMLA.F32 S0,S1,S2
     16            oldValue = filteredValue;
   \       0x22   0xED80 0x0A01      VSTR     S0,[R0, #+4]
     17            return filteredValue;
   \                     ??FilterValue_1: (+1)
   \       0x26   0x4770             BX       LR
     18          }

   \                                 In section .data, align 1
   \                     `DigitalFilter::FilterValue(float)::isFirstTime`:
   \        0x0   0x01               DC8 1

   \                                 In section .text, align 4, keep-with-next
   \                     ??DataTable2:
   \        0x0   0x....'....        DC32     _ZTV13DigitalFilter+0x8

   \                                 In section .text, align 4, keep-with-next
   \                     ??DataTable2_1:
   \        0x0   0x....'....        DC32     `DigitalFilter::FilterValue(float)::isFirstTime`

   Maximum stack usage in bytes:

   .cstack Function
   ------- --------
       8   DigitalFilter::DigitalFilter()
         8   -> IDigitalFilter::subobject IDigitalFilter() noexcept
         8   -> expf
       0   DigitalFilter::FilterValue(float)
       8   DigitalFilter::subobject DigitalFilter()
         8   -> DigitalFilter::DigitalFilter()
       0   IDigitalFilter::IDigitalFilter() noexcept
       8   IDigitalFilter::subobject IDigitalFilter() noexcept
         8   -> IDigitalFilter::IDigitalFilter() noexcept


   Section sizes:

   Bytes  Function/Label
   -----  --------------
       4  ??DataTable2
       4  ??DataTable2_1
      62  DigitalFilter::DigitalFilter()
      40  DigitalFilter::FilterValue(float)
       8  DigitalFilter::subobject DigitalFilter()
       2  IDigitalFilter::IDigitalFilter() noexcept
       8  IDigitalFilter::subobject IDigitalFilter() noexcept
       1  isFirstTime
      68  -- Other

 
   1 byte  in section .data
  68 bytes in section .rodata
 128 bytes in section .text
 
 118 bytes of CODE  memory (+ 10 bytes shared)
   0 bytes of CONST memory (+ 68 bytes shared)
   1 byte  of DATA  memory

Errors: none
Warnings: none
