###############################################################################
#
# IAR ANSI C/C++ Compiler V9.30.1.335/W64 for ARM         01/May/2025  23:14:08
# Copyright 1999-2022 IAR Systems AB.
#
#    Cpu mode                     =  thumb
#    Endian                       =  little
#    Source file                  =
#        D:\Documents\Other\Homework\Kolodiy\CoursePaper\source\RtosWrapper\Application\Usart\Usart.cpp
#        [UTF-8]
#    Command line                 =
#        -f
#        D:\Documents\Other\Homework\Kolodiy\CoursePaper\source\RtosWrapper\Debug\Obj\Application\Usart\Usart.o.rsp
#        (D:\Documents\Other\Homework\Kolodiy\CoursePaper\source\RtosWrapper\Application\Usart\Usart.cpp
#        -lC
#        D:\Documents\Other\Homework\Kolodiy\CoursePaper\source\RtosWrapper\Debug\List\Application\Usart
#        -lA
#        D:\Documents\Other\Homework\Kolodiy\CoursePaper\source\RtosWrapper\Debug\List\Application\Usart
#        -o
#        D:\Documents\Other\Homework\Kolodiy\CoursePaper\source\RtosWrapper\Debug\Obj\Application\Usart
#        --no_cse --no_unroll --no_inline --no_code_motion --no_tbaa
#        --no_clustering --no_scheduling --debug --endian=little
#        --cpu=Cortex-M4 -e --fpu=VFPv4_sp --dlib_config
#        D:\Games\Programs\IAR\arm\inc\c\DLib_Config_Normal.h -I
#        D:\Documents\Other\Homework\Kolodiy\CoursePaper\source\RtosWrapper\Rtos\
#        -I
#        D:\Documents\Other\Homework\Kolodiy\CoursePaper\source\RtosWrapper\Rtos\wrapper\
#        -I
#        D:\Documents\Other\Homework\Kolodiy\CoursePaper\source\RtosWrapper\Rtos\wrapper\FreeRtos\
#        -I
#        D:\Documents\Other\Homework\Kolodiy\CoursePaper\source\RtosWrapper\Rtos\FreeRtos\
#        -I
#        D:\Documents\Other\Homework\Kolodiy\CoursePaper\source\RtosWrapper\Rtos\FreeRtos\include\
#        -I
#        D:\Documents\Other\Homework\Kolodiy\CoursePaper\source\RtosWrapper\Rtos\FreeRtos\portable\
#        -I
#        D:\Documents\Other\Homework\Kolodiy\CoursePaper\source\RtosWrapper\Rtos\FreeRtos\portable\Common\
#        -I
#        D:\Documents\Other\Homework\Kolodiy\CoursePaper\source\RtosWrapper\Rtos\FreeRtos\portable\IAR\
#        -I
#        D:\Documents\Other\Homework\Kolodiy\CoursePaper\source\RtosWrapper\Rtos\FreeRtos\portable\IAR\ARM_CM4F\
#        -I
#        D:\Documents\Other\Homework\Kolodiy\CoursePaper\source\RtosWrapper\Rtos\FreeRtos\portable\MemMang\
#        -I
#        D:\Documents\Other\Homework\Kolodiy\CoursePaper\source\RtosWrapper\MyTasks\
#        -I
#        D:\Documents\Other\Homework\Kolodiy\CoursePaper\source\RtosWrapper\Common\
#        -I
#        D:\Documents\Other\Homework\Kolodiy\CoursePaper\source\RtosWrapper\CMSIS\
#        -I
#        D:\Documents\Other\Homework\Kolodiy\CoursePaper\source\RtosWrapper\Application\
#        -I
#        D:\Documents\Other\Homework\Kolodiy\CoursePaper\source\RtosWrapper\Application\Diagnostic\
#        -I
#        D:\Documents\Other\Homework\Kolodiy\CoursePaper\source\RtosWrapper\AHardware\
#        -I
#        D:\Documents\Other\Homework\Kolodiy\CoursePaper\source\RtosWrapper\AHardware\GpioPort\
#        -I
#        D:\Documents\Other\Homework\Kolodiy\CoursePaper\source\RtosWrapper\AHardware\IrqController\
#        -I
#        D:\Documents\Other\Homework\Kolodiy\CoursePaper\source\RtosWrapper\..\CortexLib\AbstractHardware\Pin\
#        -I
#        D:\Documents\Other\Homework\Kolodiy\CoursePaper\source\RtosWrapper\..\CortexLib\AbstractHardware\Registers\STM32F411\FieldValues\
#        -I
#        D:\Documents\Other\Homework\Kolodiy\CoursePaper\source\RtosWrapper\..\CortexLib\AbstractHardware\Registers\STM32F411\
#        -I
#        D:\Documents\Other\Homework\Kolodiy\CoursePaper\source\RtosWrapper\..\CortexLib\AbstractHardware\Registers\
#        -I
#        D:\Documents\Other\Homework\Kolodiy\CoursePaper\source\RtosWrapper\..\CortexLib\AbstractHardware\Port\
#        -I
#        D:\Documents\Other\Homework\Kolodiy\CoursePaper\source\RtosWrapper\..\CortexLib\AbstractHardware\Atomic\
#        -I
#        D:\Documents\Other\Homework\Kolodiy\CoursePaper\source\RtosWrapper\..\CortexLib\Common\
#        -I
#        D:\Documents\Other\Homework\Kolodiy\CoursePaper\source\RtosWrapper\..\CortexLib\Common\Singleton\
#        -I
#        D:\Documents\Other\Homework\Kolodiy\CoursePaper\source\RtosWrapper\..\CortexLib\Common\RomObject\
#        -I
#        D:\Documents\Other\Homework\Kolodiy\CoursePaper\source\RtosWrapper\Application\AdcDmaDataProvider\
#        -I
#        D:\Documents\Other\Homework\Kolodiy\CoursePaper\source\RtosWrapper\Application\AdcDmaDataProvider\Contracts\
#        -I
#        D:\Documents\Other\Homework\Kolodiy\CoursePaper\source\RtosWrapper\Application\DataRepository\
#        -I
#        D:\Documents\Other\Homework\Kolodiy\CoursePaper\source\RtosWrapper\Application\DataRepository\Contracts\
#        -I
#        D:\Documents\Other\Homework\Kolodiy\CoursePaper\source\RtosWrapper\Application\DigitalFilter\
#        -I
#        D:\Documents\Other\Homework\Kolodiy\CoursePaper\source\RtosWrapper\Application\DigitalFilter\Contracts\
#        -I
#        D:\Documents\Other\Homework\Kolodiy\CoursePaper\source\RtosWrapper\Application\Formatter\
#        -I
#        D:\Documents\Other\Homework\Kolodiy\CoursePaper\source\RtosWrapper\Application\Formatter\Contracts\
#        -I
#        D:\Documents\Other\Homework\Kolodiy\CoursePaper\source\RtosWrapper\Application\Leds\
#        -I
#        D:\Documents\Other\Homework\Kolodiy\CoursePaper\source\RtosWrapper\Application\Leds\Contracts\
#        -I
#        D:\Documents\Other\Homework\Kolodiy\CoursePaper\source\RtosWrapper\Application\Usart\
#        -I
#        D:\Documents\Other\Homework\Kolodiy\CoursePaper\source\RtosWrapper\Application\Usart\Contracts\
#        -I
#        D:\Documents\Other\Homework\Kolodiy\CoursePaper\source\RtosWrapper\Application\Voltage\
#        -I
#        D:\Documents\Other\Homework\Kolodiy\CoursePaper\source\RtosWrapper\Application\Voltage\Contracts\
#        -I
#        D:\Documents\Other\Homework\Kolodiy\CoursePaper\source\RtosWrapper\Tasks\
#        -I
#        D:\Documents\Other\Homework\Kolodiy\CoursePaper\source\RtosWrapper\Tasks\Contracts\
#        -I
#        D:\Documents\Other\Homework\Kolodiy\CoursePaper\source\RtosWrapper\..\CortexLib\AbstractHardware\Registers\CortexM4\
#        -I
#        D:\Documents\Other\Homework\Kolodiy\CoursePaper\source\RtosWrapper\..\CortexLib\AbstractHardware\Registers\CortexM4\FieldValues\
#        -On --c++ --no_exceptions --no_rtti --source_encoding utf8 --text_out
#        utf8 --utf8_text_in) --dependencies=n
#        D:\Documents\Other\Homework\Kolodiy\CoursePaper\source\RtosWrapper\Debug\Obj\Application\Usart\Usart.o.d
#    Locale                       =  C
#    List file                    =
#        D:\Documents\Other\Homework\Kolodiy\CoursePaper\source\RtosWrapper\Debug\List\Application\Usart\Usart.lst
#    Object file                  =
#        D:\Documents\Other\Homework\Kolodiy\CoursePaper\source\RtosWrapper\Debug\Obj\Application\Usart\Usart.o
#    Runtime model:                  
#      __CPP_Exceptions           =  Disabled
#      __CPP_Language             =  C++14
#      __CPP_Library              =  DLib
#      __CPP_Runtime              =  1
#      __SystemLibrary            =  DLib
#      __dlib_file_descriptor     =  0
#      __dlib_full_locale_support =  0
#      __dlib_version             =  6
#
###############################################################################

D:\Documents\Other\Homework\Kolodiy\CoursePaper\source\RtosWrapper\Application\Usart\Usart.cpp
      1          #include "Usart.hpp"

   \                                 In section .text, align 2
   \   __vfp IUsart::subobject IUsart() noexcept
   \                     _ZN6IUsartC2Ev: (+1)
   \        0x0   0xB510             PUSH     {R4,LR}
   \        0x2   0x0004             MOVS     R4,R0
   \        0x4   0x0020             MOVS     R0,R4
   \        0x6   0x.... 0x....      BL       _ZN6IUsartC1Ev
   \        0xA   0xBD10             POP      {R4,PC}

   \                                 In section .text, align 2
   \   __vfp IUsart::IUsart() noexcept
   \                     _ZN6IUsartC1Ev: (+1)
   \        0x0   0x4770             BX       LR
      2          #include "gpioaregisters.hpp"

   \                                 In section .text, align 4
   \   __vfp void RegisterField<USART2::BRR, 4U, 12U, ReadWriteMode>::Set<ReadWriteMode, void>(uint32_t)
   \                     _ZN13RegisterFieldIN6USART23BRRELj4ELj12E13ReadWriteModevE3SetIS2_vEEvj: (+1)
   \        0x0   0xB510             PUSH     {R4,LR}
   \        0x2   0x0004             MOVS     R4,R0
   \        0x4   0xF5B4 0x5F80      CMP      R4,#+4096
   \        0x8   0xD306             BCC.N    ??Set_14
   \        0xA   0x221F             MOVS     R2,#+31
   \        0xC   0x4906             LDR.N    R1,??Set_0
   \        0xE   0x4807             LDR.N    R0,??Set_0+0x4
   \       0x10   0x.... 0x....      BL       __aeabi_assert
   \       0x14   0x.... 0x....      BL       __iar_EmptyStepPoint
   \                     ??Set_14: (+1)
   \       0x18   0x4905             LDR.N    R1,??Set_0+0x8
   \       0x1A   0x6808             LDR      R0,[R1, #+0]
   \       0x1C   0xF36F 0x100F      BFC      R0,#+4,#+12
   \       0x20   0xEA50 0x1004      ORRS     R0,R0,R4, LSL #+4
   \       0x24   0x6008             STR      R0,[R1, #+0]
   \       0x26   0xBD10             POP      {R4,PC}
   \                     ??Set_0:
   \       0x28   0x....'....        DC32     _ZZN13RegisterFieldIN6USART23BRRELj4ELj12E13ReadWriteModevE3SetIS2_vEEvjEs_0
   \       0x2C   0x....'....        DC32     _ZZN13RegisterFieldIN6USART23BRRELj4ELj12E13ReadWriteModevE3SetIS2_vEEvjEs
   \       0x30   0x4000'4408        DC32     0x40004408

   \                                 In section .text, align 4
   \   __vfp void RegisterField<USART2::BRR, 0U, 4U, ReadWriteMode>::Set<ReadWriteMode, void>(uint32_t)
   \                     _ZN13RegisterFieldIN6USART23BRRELj0ELj4E13ReadWriteModevE3SetIS2_vEEvj: (+1)
   \        0x0   0xB510             PUSH     {R4,LR}
   \        0x2   0x0004             MOVS     R4,R0
   \        0x4   0x2C10             CMP      R4,#+16
   \        0x6   0xD306             BCC.N    ??Set_15
   \        0x8   0x221F             MOVS     R2,#+31
   \        0xA   0x4906             LDR.N    R1,??Set_1
   \        0xC   0x4806             LDR.N    R0,??Set_1+0x4
   \        0xE   0x.... 0x....      BL       __aeabi_assert
   \       0x12   0x.... 0x....      BL       __iar_EmptyStepPoint
   \                     ??Set_15: (+1)
   \       0x16   0x4905             LDR.N    R1,??Set_1+0x8
   \       0x18   0x6808             LDR      R0,[R1, #+0]
   \       0x1A   0x0900             LSRS     R0,R0,#+4
   \       0x1C   0x0100             LSLS     R0,R0,#+4
   \       0x1E   0x4320             ORRS     R0,R4,R0
   \       0x20   0x6008             STR      R0,[R1, #+0]
   \       0x22   0xBD10             POP      {R4,PC}
   \                     ??Set_1:
   \       0x24   0x....'....        DC32     _ZZN13RegisterFieldIN6USART23BRRELj0ELj4E13ReadWriteModevE3SetIS2_vEEvjEs_0
   \       0x28   0x....'....        DC32     _ZZN13RegisterFieldIN6USART23BRRELj0ELj4E13ReadWriteModevE3SetIS2_vEEvjEs
   \       0x2C   0x4000'4408        DC32     0x40004408

   \                                 In section .text, align 4
   \   __vfp void FieldValueBase<GPIOA_MODER_MODER15_Values<GPIOA::MODER, 4U, 2U, ReadWriteMode, GPIOA::GPIOAMODERBase>, GPIOA::GPIOAMODERBase, 2U>::Set<ReadWriteMode, void>()
   \                     _ZN14FieldValueBaseI26GPIOA_MODER_MODER15_ValuesIN5GPIOA5MODERELj4ELj2E13ReadWriteModeNS1_14GPIOAMODERBaseEES4_Lj2EE3SetIS3_vEEvv: (+1)
   \        0x0   0x4903             LDR.N    R1,??Set_2
   \        0x2   0x6808             LDR      R0,[R1, #+0]
   \        0x4   0xF030 0x0030      BICS     R0,R0,#0x30
   \        0x8   0xF050 0x0020      ORRS     R0,R0,#0x20
   \        0xC   0x6008             STR      R0,[R1, #+0]
   \        0xE   0x4770             BX       LR
   \                     ??Set_2:
   \       0x10   0x4002'0000        DC32     0x40020000

   \                                 In section .text, align 4
   \   __vfp void FieldValueBase<GPIOA_MODER_MODER15_Values<GPIOA::MODER, 6U, 2U, ReadWriteMode, GPIOA::GPIOAMODERBase>, GPIOA::GPIOAMODERBase, 2U>::Set<ReadWriteMode, void>()
   \                     _ZN14FieldValueBaseI26GPIOA_MODER_MODER15_ValuesIN5GPIOA5MODERELj6ELj2E13ReadWriteModeNS1_14GPIOAMODERBaseEES4_Lj2EE3SetIS3_vEEvv: (+1)
   \        0x0   0x4903             LDR.N    R1,??Set_3
   \        0x2   0x6808             LDR      R0,[R1, #+0]
   \        0x4   0xF030 0x00C0      BICS     R0,R0,#0xC0
   \        0x8   0xF050 0x0080      ORRS     R0,R0,#0x80
   \        0xC   0x6008             STR      R0,[R1, #+0]
   \        0xE   0x4770             BX       LR
   \                     ??Set_3:
   \       0x10   0x4002'0000        DC32     0x40020000

   \                                 In section .text, align 4
   \   __vfp void FieldValueBase<GPIOA_AFRL_AFRL7_Values<GPIOA::AFRL, 8U, 4U, ReadWriteMode, GPIOA::GPIOAAFRLBase>, GPIOA::GPIOAAFRLBase, 7U>::Set<ReadWriteMode, void>()
   \                     _ZN14FieldValueBaseI23GPIOA_AFRL_AFRL7_ValuesIN5GPIOA4AFRLELj8ELj4E13ReadWriteModeNS1_13GPIOAAFRLBaseEES4_Lj7EE3SetIS3_vEEvv: (+1)
   \        0x0   0x4903             LDR.N    R1,??Set_4
   \        0x2   0x6808             LDR      R0,[R1, #+0]
   \        0x4   0xF430 0x6070      BICS     R0,R0,#0xF00
   \        0x8   0xF450 0x60E0      ORRS     R0,R0,#0x700
   \        0xC   0x6008             STR      R0,[R1, #+0]
   \        0xE   0x4770             BX       LR
   \                     ??Set_4:
   \       0x10   0x4002'0020        DC32     0x40020020

   \                                 In section .text, align 4
   \   __vfp void FieldValueBase<GPIOA_AFRL_AFRL7_Values<GPIOA::AFRL, 12U, 4U, ReadWriteMode, GPIOA::GPIOAAFRLBase>, GPIOA::GPIOAAFRLBase, 7U>::Set<ReadWriteMode, void>()
   \                     _ZN14FieldValueBaseI23GPIOA_AFRL_AFRL7_ValuesIN5GPIOA4AFRLELj12ELj4E13ReadWriteModeNS1_13GPIOAAFRLBaseEES4_Lj7EE3SetIS3_vEEvv: (+1)
   \        0x0   0x4903             LDR.N    R1,??Set_5
   \        0x2   0x6808             LDR      R0,[R1, #+0]
   \        0x4   0xF430 0x4070      BICS     R0,R0,#0xF000
   \        0x8   0xF450 0x40E0      ORRS     R0,R0,#0x7000
   \        0xC   0x6008             STR      R0,[R1, #+0]
   \        0xE   0x4770             BX       LR
   \                     ??Set_5:
   \       0x10   0x4002'0020        DC32     0x40020020

   \                                 In section .text, align 4
   \   __vfp void FieldValueBase<USART2_CR1_OVER8_Values<USART2::CR1, 15U, 1U, ReadWriteMode, USART2::USART2CR1Base>, USART2::USART2CR1Base, 0U>::Set<ReadWriteMode, void>()
   \                     _ZN14FieldValueBaseI23USART2_CR1_OVER8_ValuesIN6USART23CR1ELj15ELj1E13ReadWriteModeNS1_13USART2CR1BaseEES4_Lj0EE3SetIS3_vEEvv: (+1)
   \        0x0   0x4902             LDR.N    R1,??Set_6
   \        0x2   0x6808             LDR      R0,[R1, #+0]
   \        0x4   0xF430 0x4000      BICS     R0,R0,#0x8000
   \        0x8   0x6008             STR      R0,[R1, #+0]
   \        0xA   0x4770             BX       LR
   \                     ??Set_6:
   \        0xC   0x4000'440C        DC32     0x4000440c

   \                                 In section .text, align 4
   \   __vfp void FieldValueBase<USART2_CR1_M_Values<USART2::CR1, 12U, 1U, ReadWriteMode, USART2::USART2CR1Base>, USART2::USART2CR1Base, 0U>::Set<ReadWriteMode, void>()
   \                     _ZN14FieldValueBaseI19USART2_CR1_M_ValuesIN6USART23CR1ELj12ELj1E13ReadWriteModeNS1_13USART2CR1BaseEES4_Lj0EE3SetIS3_vEEvv: (+1)
   \        0x0   0x4902             LDR.N    R1,??Set_7
   \        0x2   0x6808             LDR      R0,[R1, #+0]
   \        0x4   0xF430 0x5080      BICS     R0,R0,#0x1000
   \        0x8   0x6008             STR      R0,[R1, #+0]
   \        0xA   0x4770             BX       LR
   \                     ??Set_7:
   \        0xC   0x4000'440C        DC32     0x4000440c

   \                                 In section .text, align 4
   \   __vfp void FieldValueBase<USART2_CR1_PCE_Values<USART2::CR1, 10U, 1U, ReadWriteMode, USART2::USART2CR1Base>, USART2::USART2CR1Base, 0U>::Set<ReadWriteMode, void>()
   \                     _ZN14FieldValueBaseI21USART2_CR1_PCE_ValuesIN6USART23CR1ELj10ELj1E13ReadWriteModeNS1_13USART2CR1BaseEES4_Lj0EE3SetIS3_vEEvv: (+1)
   \        0x0   0x4902             LDR.N    R1,??Set_8
   \        0x2   0x6808             LDR      R0,[R1, #+0]
   \        0x4   0xF430 0x6080      BICS     R0,R0,#0x400
   \        0x8   0x6008             STR      R0,[R1, #+0]
   \        0xA   0x4770             BX       LR
   \                     ??Set_8:
   \        0xC   0x4000'440C        DC32     0x4000440c

   \                                 In section .text, align 4
   \   __vfp void FieldValueBase<USART2_CR2_STOP_Values<USART2::CR2, 12U, 2U, ReadWriteMode, USART2::USART2CR2Base>, USART2::USART2CR2Base, 0U>::Set<ReadWriteMode, void>()
   \                     _ZN14FieldValueBaseI22USART2_CR2_STOP_ValuesIN6USART23CR2ELj12ELj2E13ReadWriteModeNS1_13USART2CR2BaseEES4_Lj0EE3SetIS3_vEEvv: (+1)
   \        0x0   0x4902             LDR.N    R1,??Set_9
   \        0x2   0x6808             LDR      R0,[R1, #+0]
   \        0x4   0xF430 0x5040      BICS     R0,R0,#0x3000
   \        0x8   0x6008             STR      R0,[R1, #+0]
   \        0xA   0x4770             BX       LR
   \                     ??Set_9:
   \        0xC   0x4000'4410        DC32     0x40004410

   \                                 In section .text, align 4
   \   __vfp void FieldValueBase<USART2_CR1_UE_Values<USART2::CR1, 13U, 1U, ReadWriteMode, USART2::USART2CR1Base>, USART2::USART2CR1Base, 1U>::Set<ReadWriteMode, void>()
   \                     _ZN14FieldValueBaseI20USART2_CR1_UE_ValuesIN6USART23CR1ELj13ELj1E13ReadWriteModeNS1_13USART2CR1BaseEES4_Lj1EE3SetIS3_vEEvv: (+1)
   \        0x0   0x4903             LDR.N    R1,??Set_10
   \        0x2   0x6808             LDR      R0,[R1, #+0]
   \        0x4   0xF430 0x5000      BICS     R0,R0,#0x2000
   \        0x8   0xF450 0x5000      ORRS     R0,R0,#0x2000
   \        0xC   0x6008             STR      R0,[R1, #+0]
   \        0xE   0x4770             BX       LR
   \                     ??Set_10:
   \       0x10   0x4000'440C        DC32     0x4000440c

   \                                 In section .text, align 4
   \   __vfp void FieldValueBase<USART2_CR1_TE_Values<USART2::CR1, 3U, 1U, ReadWriteMode, USART2::USART2CR1Base>, USART2::USART2CR1Base, 1U>::Set<ReadWriteMode, void>()
   \                     _ZN14FieldValueBaseI20USART2_CR1_TE_ValuesIN6USART23CR1ELj3ELj1E13ReadWriteModeNS1_13USART2CR1BaseEES4_Lj1EE3SetIS3_vEEvv: (+1)
   \        0x0   0x4903             LDR.N    R1,??Set_11
   \        0x2   0x6808             LDR      R0,[R1, #+0]
   \        0x4   0xF030 0x0008      BICS     R0,R0,#0x8
   \        0x8   0xF050 0x0008      ORRS     R0,R0,#0x8
   \        0xC   0x6008             STR      R0,[R1, #+0]
   \        0xE   0x4770             BX       LR
   \                     ??Set_11:
   \       0x10   0x4000'440C        DC32     0x4000440c

   \                                 In section .text, align 4
   \   __vfp void FieldValueBase<USART2_CR1_TXEIE_Values<USART2::CR1, 7U, 1U, ReadWriteMode, USART2::USART2CR1Base>, USART2::USART2CR1Base, 1U>::Set<ReadWriteMode, void>()
   \                     _ZN14FieldValueBaseI23USART2_CR1_TXEIE_ValuesIN6USART23CR1ELj7ELj1E13ReadWriteModeNS1_13USART2CR1BaseEES4_Lj1EE3SetIS3_vEEvv: (+1)
   \        0x0   0x4903             LDR.N    R1,??Set_12
   \        0x2   0x6808             LDR      R0,[R1, #+0]
   \        0x4   0xF030 0x0080      BICS     R0,R0,#0x80
   \        0x8   0xF050 0x0080      ORRS     R0,R0,#0x80
   \        0xC   0x6008             STR      R0,[R1, #+0]
   \        0xE   0x4770             BX       LR
   \                     ??Set_12:
   \       0x10   0x4000'440C        DC32     0x4000440c

   \                                 In section .text, align 4
   \   __vfp void FieldValueBase<USART2_CR1_TXEIE_Values<USART2::CR1, 7U, 1U, ReadWriteMode, USART2::USART2CR1Base>, USART2::USART2CR1Base, 0U>::Set<ReadWriteMode, void>()
   \                     _ZN14FieldValueBaseI23USART2_CR1_TXEIE_ValuesIN6USART23CR1ELj7ELj1E13ReadWriteModeNS1_13USART2CR1BaseEES4_Lj0EE3SetIS3_vEEvv: (+1)
   \        0x0   0x4902             LDR.N    R1,??Set_13
   \        0x2   0x6808             LDR      R0,[R1, #+0]
   \        0x4   0xF030 0x0080      BICS     R0,R0,#0x80
   \        0x8   0x6008             STR      R0,[R1, #+0]
   \        0xA   0x4770             BX       LR
   \                     ??Set_13:
   \        0xC   0x4000'440C        DC32     0x4000440c

   \                                 In section .text, align 4
   \   __vfp bool FieldValueBase<USART2_SR_TXE_Values<USART2::SR, 7U, 1U, ReadMode, USART2::USART2SRBase>, USART2::USART2SRBase, 1U>::IsSet<ReadMode, void>()
   \                     _ZN14FieldValueBaseI20USART2_SR_TXE_ValuesIN6USART22SRELj7ELj1E8ReadModeNS1_12USART2SRBaseEES4_Lj1EE5IsSetIS3_vEEbv: (+1)
   \        0x0   0x4802             LDR.N    R0,??IsSet_0
   \        0x2   0x6800             LDR      R0,[R0, #+0]
   \        0x4   0x09C0             LSRS     R0,R0,#+7
   \        0x6   0xF010 0x0001      ANDS     R0,R0,#0x1
   \        0xA   0x4770             BX       LR
   \                     ??IsSet_0:
   \        0xC   0x4000'4400        DC32     0x40004400

   \                                 In section .text, align 4
   \   __vfp void RegisterBase<1'073'759'236U, 32U, ReadWriteMode>::Write<ReadWriteMode, void>(uint32_t)
   \                     _ZN12RegisterBaseILj1073759236ELj32E13ReadWriteModeE5WriteIS0_vEEvj: (+1)
   \        0x0   0x4901             LDR.N    R1,??Write_0
   \        0x2   0x6008             STR      R0,[R1, #+0]
   \        0x4   0x4770             BX       LR
   \        0x6   0xBF00             Nop
   \                     ??Write_0:
   \        0x8   0x4000'4404        DC32     0x40004404

   \                                 In section .text, align 4
   \   __vfp void RegisterBase<3'758'153'988U, 32U, ReadWriteMode>::Write<ReadWriteMode, void>(uint32_t)
   \                     _ZN12RegisterBaseILj3758153988ELj32E13ReadWriteModeE5WriteIS0_vEEvj: (+1)
   \        0x0   0x4901             LDR.N    R1,??Write_1
   \        0x2   0x6008             STR      R0,[R1, #+0]
   \        0x4   0x4770             BX       LR
   \        0x6   0xBF00             Nop
   \                     ??Write_1:
   \        0x8   0xE000'E104        DC32     0xe000e104
      3          #include "usart2registers.hpp"
      4          #include "nvicregisters.hpp"
      5          #include <cmath>
      6          

   \                                 In section .text, align 2, keep-with-next
      7          Usart& Usart::Instance()
      8          {
   \                     _ZN5Usart8InstanceEv: (+1)
   \        0x0   0xB580             PUSH     {R7,LR}
   \        0x2   0x....             LDR.N    R1,??DataTable3
   \        0x4   0x7808             LDRB     R0,[R1, #+0]
   \        0x6   0x2800             CMP      R0,#+0
   \        0x8   0xD104             BNE.N    ??Instance_0
      9              static Usart inst;
   \        0xA   0x2001             MOVS     R0,#+1
   \        0xC   0x7008             STRB     R0,[R1, #+0]
   \        0xE   0x....             LDR.N    R0,??DataTable3_3
   \       0x10   0x.... 0x....      BL       _ZN5UsartC1Ev
     10              return inst;
   \                     ??Instance_0: (+1)
   \       0x14   0x....             LDR.N    R0,??DataTable3_3
   \       0x16   0xBD02             POP      {R1,PC}
     11          }

   \                                 In section .bss, align 4
   \                     `Usart::Instance()::inst`:
   \        0x0                      DS8 140
     12          

   \                                 In section .text, align 2, keep-with-next
   \   __vfp Usart::subobject Usart()
   \                     _ZN5UsartC2Ev: (+1)
   \        0x0   0xB510             PUSH     {R4,LR}
   \        0x2   0x0004             MOVS     R4,R0
   \        0x4   0x0020             MOVS     R0,R4
   \        0x6   0x.... 0x....      BL       _ZN5UsartC1Ev
   \        0xA   0xBD10             POP      {R4,PC}

   \                                 In section .text, align 2, keep-with-next
     13          Usart::Usart()
     14            : mBufferLength(0),
     15              mIndex(0)
     16          { }
   \                     _ZN5UsartC1Ev: (+1)
   \        0x0   0xB510             PUSH     {R4,LR}
   \        0x2   0x0004             MOVS     R4,R0
   \        0x4   0x0020             MOVS     R0,R4
   \        0x6   0x.... 0x....      BL       _ZN6IUsartC2Ev
   \        0xA   0x....             LDR.N    R0,??DataTable3_4
   \        0xC   0x6020             STR      R0,[R4, #+0]
   \        0xE   0x2000             MOVS     R0,#+0
   \       0x10   0xF8C4 0x0084      STR      R0,[R4, #+132]
   \       0x14   0x2000             MOVS     R0,#+0
   \       0x16   0xF8C4 0x0088      STR      R0,[R4, #+136]
   \       0x1A   0x0020             MOVS     R0,R4
   \       0x1C   0xBD10             POP      {R4,PC}
     17          

   \                                 In section .text, align 4, keep-with-next
     18          void Usart::ConfigUsart()
     19          {
   \                     _ZN5Usart11ConfigUsartEv: (+1)
   \        0x0   0xE92D 0x41F0      PUSH     {R4-R8,LR}
   \        0x4   0xED2D 0x8B02      VPUSH    {D8}
   \        0x8   0x0004             MOVS     R4,R0
     20              GPIOA::MODER::MODER2::Alternate::Set();
   \        0xA   0x.... 0x....      BL       _ZN14FieldValueBaseI26GPIOA_MODER_MODER15_ValuesIN5GPIOA5MODERELj4ELj2E13ReadWriteModeNS1_14GPIOAMODERBaseEES4_Lj2EE3SetIS3_vEEvv
     21              GPIOA::MODER::MODER3::Alternate::Set();
   \        0xE   0x.... 0x....      BL       _ZN14FieldValueBaseI26GPIOA_MODER_MODER15_ValuesIN5GPIOA5MODERELj6ELj2E13ReadWriteModeNS1_14GPIOAMODERBaseEES4_Lj2EE3SetIS3_vEEvv
     22              GPIOA::AFRL::AFRL2::Af7::Set();
   \       0x12   0x.... 0x....      BL       _ZN14FieldValueBaseI23GPIOA_AFRL_AFRL7_ValuesIN5GPIOA4AFRLELj8ELj4E13ReadWriteModeNS1_13GPIOAAFRLBaseEES4_Lj7EE3SetIS3_vEEvv
     23              GPIOA::AFRL::AFRL3::Af7::Set();
   \       0x16   0x.... 0x....      BL       _ZN14FieldValueBaseI23GPIOA_AFRL_AFRL7_ValuesIN5GPIOA4AFRLELj12ELj4E13ReadWriteModeNS1_13GPIOAAFRLBaseEES4_Lj7EE3SetIS3_vEEvv
     24          
     25              USART2::CR1::OVER8::OversamplingBy16::Set();
   \       0x1A   0x.... 0x....      BL       _ZN14FieldValueBaseI23USART2_CR1_OVER8_ValuesIN6USART23CR1ELj15ELj1E13ReadWriteModeNS1_13USART2CR1BaseEES4_Lj0EE3SetIS3_vEEvv
     26              USART2::CR1::M::Data8bits::Set();
   \       0x1E   0x.... 0x....      BL       _ZN14FieldValueBaseI19USART2_CR1_M_ValuesIN6USART23CR1ELj12ELj1E13ReadWriteModeNS1_13USART2CR1BaseEES4_Lj0EE3SetIS3_vEEvv
     27              USART2::CR1::PCE::ParityControlDisable::Set();
   \       0x22   0x.... 0x....      BL       _ZN14FieldValueBaseI21USART2_CR1_PCE_ValuesIN6USART23CR1ELj10ELj1E13ReadWriteModeNS1_13USART2CR1BaseEES4_Lj0EE3SetIS3_vEEvv
     28              USART2::CR2::STOP::Value0::Set();
   \       0x26   0x.... 0x....      BL       _ZN14FieldValueBaseI22USART2_CR2_STOP_ValuesIN6USART23CR2ELj12ELj2E13ReadWriteModeNS1_13USART2CR2BaseEES4_Lj0EE3SetIS3_vEEvv
     29          
     30              constexpr uint32_t SystemCoreClock = 8'000'000;
   \       0x2A   0x....             LDR.N    R5,??DataTable3_1
     31              constexpr uint32_t BaudRate        = 9'600U;
   \       0x2C   0xF44F 0x5616      MOV      R6,#+9600
     32              double divisor = static_cast<double>(SystemCoreClock) / (BaudRate * 16.0);
   \       0x30   0xED9F 0x....      VLDR.W   D8,??DataTable3_2
     33              uint32_t mant  = static_cast<uint32_t>(divisor);
   \       0x34   0xEC51 0x0B18      VMOV     R0,R1,D8
   \       0x38   0x.... 0x....      BL       __aeabi_d2uiz
   \       0x3C   0x0007             MOVS     R7,R0
     34              uint32_t frac  = static_cast<uint32_t>(std::round((divisor - mant) * 16.0));
   \       0x3E   0x0038             MOVS     R0,R7
   \       0x40   0x.... 0x....      BL       __aeabi_ui2d
   \       0x44   0x0002             MOVS     R2,R0
   \       0x46   0x000B             MOVS     R3,R1
   \       0x48   0xEC51 0x0B18      VMOV     R0,R1,D8
   \       0x4C   0x.... 0x....      BL       __aeabi_dsub
   \       0x50   0x2200             MOVS     R2,#+0
   \       0x52   0x....             LDR.N    R3,??DataTable3_5
   \       0x54   0x.... 0x....      BL       __aeabi_dmul
   \       0x58   0xEC41 0x0B10      VMOV     D0,R0,R1
   \       0x5C   0x.... 0x....      BL       round
   \       0x60   0xEC51 0x0B10      VMOV     R0,R1,D0
   \       0x64   0x.... 0x....      BL       __aeabi_d2uiz
   \       0x68   0x4680             MOV      R8,R0
     35              USART2::BRR::DIV_Mantissa::Set(mant);
   \       0x6A   0x0038             MOVS     R0,R7
   \       0x6C   0x.... 0x....      BL       _ZN13RegisterFieldIN6USART23BRRELj4ELj12E13ReadWriteModevE3SetIS2_vEEvj
     36              USART2::BRR::DIV_Fraction::Set(frac);
   \       0x70   0x4640             MOV      R0,R8
   \       0x72   0x.... 0x....      BL       _ZN13RegisterFieldIN6USART23BRRELj0ELj4E13ReadWriteModevE3SetIS2_vEEvj
     37              
     38              USART2::CR1::UE::Enable::Set();
   \       0x76   0x.... 0x....      BL       _ZN14FieldValueBaseI20USART2_CR1_UE_ValuesIN6USART23CR1ELj13ELj1E13ReadWriteModeNS1_13USART2CR1BaseEES4_Lj1EE3SetIS3_vEEvv
     39              USART2::CR1::TE::Enable::Set();
   \       0x7A   0x.... 0x....      BL       _ZN14FieldValueBaseI20USART2_CR1_TE_ValuesIN6USART23CR1ELj3ELj1E13ReadWriteModeNS1_13USART2CR1BaseEES4_Lj1EE3SetIS3_vEEvv
     40              NVIC::ISER1::Write(1U << 6U);
   \       0x7E   0x2040             MOVS     R0,#+64
   \       0x80   0x.... 0x....      BL       _ZN12RegisterBaseILj3758153988ELj32E13ReadWriteModeE5WriteIS0_vEEvj
     41          }
   \       0x84   0xECBD 0x8B02      VPOP     {D8}
   \       0x88   0xE8BD 0x81F0      POP      {R4-R8,PC}
     42          

   \                                 In section .text, align 2, keep-with-next
     43          void Usart::SendMessage(const char* message)
     44          {
   \                     _ZN5Usart11SendMessageEPKc: (+1)
   \        0x0   0xE92D 0x43F8      PUSH     {R3-R9,LR}
   \        0x4   0x0004             MOVS     R4,R0
   \        0x6   0x000D             MOVS     R5,R1
     45              if (mBufferLength != 0)
   \        0x8   0xF8D4 0x0084      LDR      R0,[R4, #+132]
   \        0xC   0x2800             CMP      R0,#+0
   \        0xE   0xD128             BNE.N    ??SendMessage_0
     46                  return;
     47          
     48              std::size_t len = std::strlen(message);
   \                     ??SendMessage_1: (+1)
   \       0x10   0x0028             MOVS     R0,R5
   \       0x12   0x.... 0x....      BL       strlen
   \       0x16   0x0006             MOVS     R6,R0
     49              if (len >= BufferCapacity)
   \       0x18   0x2E80             CMP      R6,#+128
   \       0x1A   0xD301             BCC.N    ??SendMessage_2
     50                  len = BufferCapacity - 1;
   \       0x1C   0x207F             MOVS     R0,#+127
   \       0x1E   0x0006             MOVS     R6,R0
     51              std::memcpy(mBuffer, message, len);
   \                     ??SendMessage_2: (+1)
   \       0x20   0x0037             MOVS     R7,R6
   \       0x22   0x46A8             MOV      R8,R5
   \       0x24   0xF114 0x0904      ADDS     R9,R4,#+4
   \       0x28   0x003A             MOVS     R2,R7
   \       0x2A   0x4641             MOV      R1,R8
   \       0x2C   0x4648             MOV      R0,R9
   \       0x2E   0x.... 0x....      BL       __aeabi_memcpy
     52              mBuffer[len] = '\0';
   \       0x32   0x2000             MOVS     R0,#+0
   \       0x34   0xEB04 0x0106      ADD      R1,R4,R6
   \       0x38   0x7108             STRB     R0,[R1, #+4]
     53          
     54              mBufferLength = len;
   \       0x3A   0xF8C4 0x6084      STR      R6,[R4, #+132]
     55              mIndex = 0;
   \       0x3E   0x2000             MOVS     R0,#+0
   \       0x40   0xF8C4 0x0088      STR      R0,[R4, #+136]
     56          
     57              if (USART2::SR::TXE::DataRegisterEmpty::IsSet())
   \       0x44   0x.... 0x....      BL       _ZN14FieldValueBaseI20USART2_SR_TXE_ValuesIN6USART22SRELj7ELj1E8ReadModeNS1_12USART2SRBaseEES4_Lj1EE5IsSetIS3_vEEbv
   \       0x48   0x2800             CMP      R0,#+0
   \       0x4A   0xD008             BEQ.N    ??SendMessage_3
     58                  USART2::DR::Write(static_cast<uint8_t>(mBuffer[mIndex++]));
   \       0x4C   0xF8D4 0x0088      LDR      R0,[R4, #+136]
   \       0x50   0x1C41             ADDS     R1,R0,#+1
   \       0x52   0xF8C4 0x1088      STR      R1,[R4, #+136]
   \       0x56   0x4420             ADD      R0,R4,R0
   \       0x58   0x7900             LDRB     R0,[R0, #+4]
   \       0x5A   0x.... 0x....      BL       _ZN12RegisterBaseILj1073759236ELj32E13ReadWriteModeE5WriteIS0_vEEvj
     59          
     60              USART2::CR1::TXEIE::InterruptWhenTXE::Set();
   \                     ??SendMessage_3: (+1)
   \       0x5E   0x.... 0x....      BL       _ZN14FieldValueBaseI23USART2_CR1_TXEIE_ValuesIN6USART23CR1ELj7ELj1E13ReadWriteModeNS1_13USART2CR1BaseEES4_Lj1EE3SetIS3_vEEvv
     61          }
   \                     ??SendMessage_0: (+1)
   \       0x62   0xE8BD 0x83F1      POP      {R0,R4-R9,PC}
     62          

   \                                 In section .text, align 2, keep-with-next
     63          bool Usart::IsBusy()
     64          {
     65            return mBufferLength != 0;
   \                     _ZN5Usart6IsBusyEv: (+1)
   \        0x0   0xF8D0 0x0084      LDR      R0,[R0, #+132]
   \        0x4   0x2800             CMP      R0,#+0
   \        0x6   0xD001             BEQ.N    ??IsBusy_0
   \        0x8   0x2001             MOVS     R0,#+1
   \        0xA   0xE000             B.N      ??IsBusy_1
   \                     ??IsBusy_0: (+1)
   \        0xC   0x2000             MOVS     R0,#+0
   \                     ??IsBusy_1: (+1)
   \        0xE   0xB2C0             UXTB     R0,R0
   \       0x10   0x4770             BX       LR
     66          }
     67          

   \                                 In section .text, align 2, keep-with-next
     68          void Usart::HandleInterrupt()
     69          {
   \                     _ZN5Usart15HandleInterruptEv: (+1)
   \        0x0   0xB510             PUSH     {R4,LR}
   \        0x2   0x0004             MOVS     R4,R0
     70              if (!USART2::SR::TXE::DataRegisterEmpty::IsSet())
   \        0x4   0x.... 0x....      BL       _ZN14FieldValueBaseI20USART2_SR_TXE_ValuesIN6USART22SRELj7ELj1E8ReadModeNS1_12USART2SRBaseEES4_Lj1EE5IsSetIS3_vEEbv
   \        0x8   0x2800             CMP      R0,#+0
   \        0xA   0xD017             BEQ.N    ??HandleInterrupt_0
     71                  return;
     72          
     73              if (mIndex < mBufferLength)
   \                     ??HandleInterrupt_1: (+1)
   \        0xC   0xF8D4 0x0088      LDR      R0,[R4, #+136]
   \       0x10   0xF8D4 0x1084      LDR      R1,[R4, #+132]
   \       0x14   0x4288             CMP      R0,R1
   \       0x16   0xD209             BCS.N    ??HandleInterrupt_2
     74              {
     75                  USART2::DR::Write(static_cast<uint8_t>(mBuffer[mIndex++]));
   \       0x18   0xF8D4 0x0088      LDR      R0,[R4, #+136]
   \       0x1C   0x1C41             ADDS     R1,R0,#+1
   \       0x1E   0xF8C4 0x1088      STR      R1,[R4, #+136]
   \       0x22   0x4420             ADD      R0,R4,R0
   \       0x24   0x7900             LDRB     R0,[R0, #+4]
   \       0x26   0x.... 0x....      BL       _ZN12RegisterBaseILj1073759236ELj32E13ReadWriteModeE5WriteIS0_vEEvj
   \       0x2A   0xE007             B.N      ??HandleInterrupt_3
     76              }
     77              else
     78              {
     79                  USART2::CR1::TXEIE::InterruptInhibited::Set();
   \                     ??HandleInterrupt_2: (+1)
   \       0x2C   0x.... 0x....      BL       _ZN14FieldValueBaseI23USART2_CR1_TXEIE_ValuesIN6USART23CR1ELj7ELj1E13ReadWriteModeNS1_13USART2CR1BaseEES4_Lj0EE3SetIS3_vEEvv
     80                  mBufferLength = 0;
   \       0x30   0x2000             MOVS     R0,#+0
   \       0x32   0xF8C4 0x0084      STR      R0,[R4, #+132]
     81                  mIndex        = 0;
   \       0x36   0x2000             MOVS     R0,#+0
   \       0x38   0xF8C4 0x0088      STR      R0,[R4, #+136]
     82              }
     83          }
   \                     ??HandleInterrupt_3: (+1)
   \                     ??HandleInterrupt_0: (+1)
   \       0x3C   0xBD10             POP      {R4,PC}

   \                                 In section .text, align 4, keep-with-next
   \                     ??DataTable3:
   \        0x0   0x....'....        DC32     `Usart::Instance()::static guard for inst`

   \                                 In section .text, align 4, keep-with-next
   \                     ??DataTable3_1:
   \        0x0   0x007A'1200        DC32     0x7a1200

   \                                 In section .text, align 4, keep-with-next
   \                     ??DataTable3_2:
   \        0x0   0xAAAA'AAAB        DC32     0xFFFFFFFFAAAAAAAB,0x404A0AAA

   \              0x404A'0AAA

   \                                 In section .text, align 4, keep-with-next
   \                     ??DataTable3_3:
   \        0x0   0x....'....        DC32     `Usart::Instance()::inst`

   \                                 In section .text, align 4, keep-with-next
   \                     ??DataTable3_4:
   \        0x0   0x....'....        DC32     _ZTV5Usart+0x8

   \                                 In section .text, align 4, keep-with-next
   \                     ??DataTable3_5:
   \        0x0   0x4030'0000        DC32     0x40300000

   Maximum stack usage in bytes:

   .cstack Function
   ------- --------
       0   FieldValueBase<GPIOA_AFRL_AFRL7_Values<GPIOA::AFRL, 12U, 4U, ReadWriteMode, GPIOA::GPIOAAFRLBase>, GPIOA::GPIOAAFRLBase, 7U>::Set<ReadWriteMode, void>()
       0   FieldValueBase<GPIOA_AFRL_AFRL7_Values<GPIOA::AFRL, 8U, 4U, ReadWriteMode, GPIOA::GPIOAAFRLBase>, GPIOA::GPIOAAFRLBase, 7U>::Set<ReadWriteMode, void>()
       0   FieldValueBase<GPIOA_MODER_MODER15_Values<GPIOA::MODER, 4U, 2U, ReadWriteMode, GPIOA::GPIOAMODERBase>, GPIOA::GPIOAMODERBase, 2U>::Set<ReadWriteMode, void>()
       0   FieldValueBase<GPIOA_MODER_MODER15_Values<GPIOA::MODER, 6U, 2U, ReadWriteMode, GPIOA::GPIOAMODERBase>, GPIOA::GPIOAMODERBase, 2U>::Set<ReadWriteMode, void>()
       0   FieldValueBase<USART2_CR1_M_Values<USART2::CR1, 12U, 1U, ReadWriteMode, USART2::USART2CR1Base>, USART2::USART2CR1Base, 0U>::Set<ReadWriteMode, void>()
       0   FieldValueBase<USART2_CR1_OVER8_Values<USART2::CR1, 15U, 1U, ReadWriteMode, USART2::USART2CR1Base>, USART2::USART2CR1Base, 0U>::Set<ReadWriteMode, void>()
       0   FieldValueBase<USART2_CR1_PCE_Values<USART2::CR1, 10U, 1U, ReadWriteMode, USART2::USART2CR1Base>, USART2::USART2CR1Base, 0U>::Set<ReadWriteMode, void>()
       0   FieldValueBase<USART2_CR1_TE_Values<USART2::CR1, 3U, 1U, ReadWriteMode, USART2::USART2CR1Base>, USART2::USART2CR1Base, 1U>::Set<ReadWriteMode, void>()
       0   FieldValueBase<USART2_CR1_TXEIE_Values<USART2::CR1, 7U, 1U, ReadWriteMode, USART2::USART2CR1Base>, USART2::USART2CR1Base, 0U>::Set<ReadWriteMode, void>()
       0   FieldValueBase<USART2_CR1_TXEIE_Values<USART2::CR1, 7U, 1U, ReadWriteMode, USART2::USART2CR1Base>, USART2::USART2CR1Base, 1U>::Set<ReadWriteMode, void>()
       0   FieldValueBase<USART2_CR1_UE_Values<USART2::CR1, 13U, 1U, ReadWriteMode, USART2::USART2CR1Base>, USART2::USART2CR1Base, 1U>::Set<ReadWriteMode, void>()
       0   FieldValueBase<USART2_CR2_STOP_Values<USART2::CR2, 12U, 2U, ReadWriteMode, USART2::USART2CR2Base>, USART2::USART2CR2Base, 0U>::Set<ReadWriteMode, void>()
       0   FieldValueBase<USART2_SR_TXE_Values<USART2::SR, 7U, 1U, ReadMode, USART2::USART2SRBase>, USART2::USART2SRBase, 1U>::IsSet<ReadMode, void>()
       0   IUsart::IUsart() noexcept
       8   IUsart::subobject IUsart() noexcept
         8   -> IUsart::IUsart() noexcept
       0   RegisterBase<1'073'759'236U, 32U, ReadWriteMode>::Write<ReadWriteMode, void>(uint32_t)
       0   RegisterBase<3'758'153'988U, 32U, ReadWriteMode>::Write<ReadWriteMode, void>(uint32_t)
       8   RegisterField<USART2::BRR, 0U, 4U, ReadWriteMode>::Set<ReadWriteMode, void>(uint32_t)
         8   -> __aeabi_assert
         8   -> __iar_EmptyStepPoint
       8   RegisterField<USART2::BRR, 4U, 12U, ReadWriteMode>::Set<ReadWriteMode, void>(uint32_t)
         8   -> __aeabi_assert
         8   -> __iar_EmptyStepPoint
      32   Usart::ConfigUsart()
        32   -> FieldValueBase<GPIOA_AFRL_AFRL7_Values<GPIOA::AFRL, 12U, 4U, ReadWriteMode, GPIOA::GPIOAAFRLBase>, GPIOA::GPIOAAFRLBase, 7U>::Set<ReadWriteMode, void>()
        32   -> FieldValueBase<GPIOA_AFRL_AFRL7_Values<GPIOA::AFRL, 8U, 4U, ReadWriteMode, GPIOA::GPIOAAFRLBase>, GPIOA::GPIOAAFRLBase, 7U>::Set<ReadWriteMode, void>()
        32   -> FieldValueBase<GPIOA_MODER_MODER15_Values<GPIOA::MODER, 4U, 2U, ReadWriteMode, GPIOA::GPIOAMODERBase>, GPIOA::GPIOAMODERBase, 2U>::Set<ReadWriteMode, void>()
        32   -> FieldValueBase<GPIOA_MODER_MODER15_Values<GPIOA::MODER, 6U, 2U, ReadWriteMode, GPIOA::GPIOAMODERBase>, GPIOA::GPIOAMODERBase, 2U>::Set<ReadWriteMode, void>()
        32   -> FieldValueBase<USART2_CR1_M_Values<USART2::CR1, 12U, 1U, ReadWriteMode, USART2::USART2CR1Base>, USART2::USART2CR1Base, 0U>::Set<ReadWriteMode, void>()
        32   -> FieldValueBase<USART2_CR1_OVER8_Values<USART2::CR1, 15U, 1U, ReadWriteMode, USART2::USART2CR1Base>, USART2::USART2CR1Base, 0U>::Set<ReadWriteMode, void>()
        32   -> FieldValueBase<USART2_CR1_PCE_Values<USART2::CR1, 10U, 1U, ReadWriteMode, USART2::USART2CR1Base>, USART2::USART2CR1Base, 0U>::Set<ReadWriteMode, void>()
        32   -> FieldValueBase<USART2_CR1_TE_Values<USART2::CR1, 3U, 1U, ReadWriteMode, USART2::USART2CR1Base>, USART2::USART2CR1Base, 1U>::Set<ReadWriteMode, void>()
        32   -> FieldValueBase<USART2_CR1_UE_Values<USART2::CR1, 13U, 1U, ReadWriteMode, USART2::USART2CR1Base>, USART2::USART2CR1Base, 1U>::Set<ReadWriteMode, void>()
        32   -> FieldValueBase<USART2_CR2_STOP_Values<USART2::CR2, 12U, 2U, ReadWriteMode, USART2::USART2CR2Base>, USART2::USART2CR2Base, 0U>::Set<ReadWriteMode, void>()
        32   -> RegisterBase<3'758'153'988U, 32U, ReadWriteMode>::Write<ReadWriteMode, void>(uint32_t)
        32   -> RegisterField<USART2::BRR, 0U, 4U, ReadWriteMode>::Set<ReadWriteMode, void>(uint32_t)
        32   -> RegisterField<USART2::BRR, 4U, 12U, ReadWriteMode>::Set<ReadWriteMode, void>(uint32_t)
        32   -> __aeabi_d2uiz
        32   -> __aeabi_dmul
        32   -> __aeabi_dsub
        32   -> __aeabi_ui2d
        32   -> round
       8   Usart::HandleInterrupt()
         8   -> FieldValueBase<USART2_CR1_TXEIE_Values<USART2::CR1, 7U, 1U, ReadWriteMode, USART2::USART2CR1Base>, USART2::USART2CR1Base, 0U>::Set<ReadWriteMode, void>()
         8   -> FieldValueBase<USART2_SR_TXE_Values<USART2::SR, 7U, 1U, ReadMode, USART2::USART2SRBase>, USART2::USART2SRBase, 1U>::IsSet<ReadMode, void>()
         8   -> RegisterBase<1'073'759'236U, 32U, ReadWriteMode>::Write<ReadWriteMode, void>(uint32_t)
       8   Usart::Instance()
         8   -> Usart::Usart()
       0   Usart::IsBusy()
      32   Usart::SendMessage(char const *)
        32   -> FieldValueBase<USART2_CR1_TXEIE_Values<USART2::CR1, 7U, 1U, ReadWriteMode, USART2::USART2CR1Base>, USART2::USART2CR1Base, 1U>::Set<ReadWriteMode, void>()
        32   -> FieldValueBase<USART2_SR_TXE_Values<USART2::SR, 7U, 1U, ReadMode, USART2::USART2SRBase>, USART2::USART2SRBase, 1U>::IsSet<ReadMode, void>()
        32   -> RegisterBase<1'073'759'236U, 32U, ReadWriteMode>::Write<ReadWriteMode, void>(uint32_t)
        32   -> __aeabi_memcpy
        32   -> strlen
       8   Usart::Usart()
         8   -> IUsart::subobject IUsart() noexcept
       8   Usart::subobject Usart()
         8   -> Usart::Usart()


   Section sizes:

   Bytes  Function/Label
   -----  --------------
       4  ??DataTable3
       4  ??DataTable3_1
       8  ??DataTable3_2
       4  ??DataTable3_3
       4  ??DataTable3_4
       4  ??DataTable3_5
      20  FieldValueBase<GPIOA_AFRL_AFRL7_Values<GPIOA::AFRL, 12U, 4U, ReadWriteMode, GPIOA::GPIOAAFRLBase>, GPIOA::GPIOAAFRLBase, 7U>::Set<ReadWriteMode, void>()
      20  FieldValueBase<GPIOA_AFRL_AFRL7_Values<GPIOA::AFRL, 8U, 4U, ReadWriteMode, GPIOA::GPIOAAFRLBase>, GPIOA::GPIOAAFRLBase, 7U>::Set<ReadWriteMode, void>()
      20  FieldValueBase<GPIOA_MODER_MODER15_Values<GPIOA::MODER, 4U, 2U, ReadWriteMode, GPIOA::GPIOAMODERBase>, GPIOA::GPIOAMODERBase, 2U>::Set<ReadWriteMode, void>()
      20  FieldValueBase<GPIOA_MODER_MODER15_Values<GPIOA::MODER, 6U, 2U, ReadWriteMode, GPIOA::GPIOAMODERBase>, GPIOA::GPIOAMODERBase, 2U>::Set<ReadWriteMode, void>()
      16  FieldValueBase<USART2_CR1_M_Values<USART2::CR1, 12U, 1U, ReadWriteMode, USART2::USART2CR1Base>, USART2::USART2CR1Base, 0U>::Set<ReadWriteMode, void>()
      16  FieldValueBase<USART2_CR1_OVER8_Values<USART2::CR1, 15U, 1U, ReadWriteMode, USART2::USART2CR1Base>, USART2::USART2CR1Base, 0U>::Set<ReadWriteMode, void>()
      16  FieldValueBase<USART2_CR1_PCE_Values<USART2::CR1, 10U, 1U, ReadWriteMode, USART2::USART2CR1Base>, USART2::USART2CR1Base, 0U>::Set<ReadWriteMode, void>()
      20  FieldValueBase<USART2_CR1_TE_Values<USART2::CR1, 3U, 1U, ReadWriteMode, USART2::USART2CR1Base>, USART2::USART2CR1Base, 1U>::Set<ReadWriteMode, void>()
      16  FieldValueBase<USART2_CR1_TXEIE_Values<USART2::CR1, 7U, 1U, ReadWriteMode, USART2::USART2CR1Base>, USART2::USART2CR1Base, 0U>::Set<ReadWriteMode, void>()
      20  FieldValueBase<USART2_CR1_TXEIE_Values<USART2::CR1, 7U, 1U, ReadWriteMode, USART2::USART2CR1Base>, USART2::USART2CR1Base, 1U>::Set<ReadWriteMode, void>()
      20  FieldValueBase<USART2_CR1_UE_Values<USART2::CR1, 13U, 1U, ReadWriteMode, USART2::USART2CR1Base>, USART2::USART2CR1Base, 1U>::Set<ReadWriteMode, void>()
      16  FieldValueBase<USART2_CR2_STOP_Values<USART2::CR2, 12U, 2U, ReadWriteMode, USART2::USART2CR2Base>, USART2::USART2CR2Base, 0U>::Set<ReadWriteMode, void>()
      16  FieldValueBase<USART2_SR_TXE_Values<USART2::SR, 7U, 1U, ReadMode, USART2::USART2SRBase>, USART2::USART2SRBase, 1U>::IsSet<ReadMode, void>()
       2  IUsart::IUsart() noexcept
      12  IUsart::subobject IUsart() noexcept
      12  RegisterBase<1'073'759'236U, 32U, ReadWriteMode>::Write<ReadWriteMode, void>(uint32_t)
      12  RegisterBase<3'758'153'988U, 32U, ReadWriteMode>::Write<ReadWriteMode, void>(uint32_t)
      48  RegisterField<USART2::BRR, 0U, 4U, ReadWriteMode>::Set<ReadWriteMode, void>(uint32_t)
      52  RegisterField<USART2::BRR, 4U, 12U, ReadWriteMode>::Set<ReadWriteMode, void>(uint32_t)
     140  Usart::ConfigUsart()
      62  Usart::HandleInterrupt()
      24  Usart::Instance()
      18  Usart::IsBusy()
     102  Usart::SendMessage(char const *)
      30  Usart::Usart()
      12  Usart::subobject Usart()
     140  inst
     613  -- Other

 
 141 bytes in section .bss
 612 bytes in section .rodata
 790 bytes in section .text
 
 416 bytes of CODE  memory (+ 374 bytes shared)
   0 bytes of CONST memory (+ 612 bytes shared)
 141 bytes of DATA  memory

Errors: none
Warnings: none
